[Licensing::Module] Trying to connect to existing licensing client channel...
[Licensing::IpcConnector] Successfully connected to: "LicenseClient-ahmed" at "2026-01-31T19:27:29.8879793Z"
Built from '6000.0/respin/6000.0.66f1-e7adf66625be' branch; Version is '6000.0.66f2 (b20bc5da3050) revision 11668421'; Using compiler version '193933523'; Build Type 'Release'
OS: 'Windows 11  (10.0.26200) Professional' Language: 'en' Physical Memory: 15790 MB
BatchMode: 1, IsHumanControllingUs: 0, StartBugReporterOnCrash: 0, Is64bit: 1
System  architecture: x64
Process architecture: x64
Date: 2026-01-31T19:27:29Z

COMMAND LINE ARGUMENTS:
C:\Program Files\Unity\Hub\Editor\6000.0.66f2\Editor\Unity.exe
-adb2
-batchMode
-noUpm
-name
AssetImportWorker31
-projectPath
C:/Users/ahmed/USTHB ADVENTURE
-logFile
Logs/AssetImportWorker31.log
-srvPort
61879
-licensingIpc
LicenseClient-ahmed
-job-worker-count
7
-background-job-worker-count
8
-gc-helper-count
1
-name
AssetImport
Successfully changed project path to: C:/Users/ahmed/USTHB ADVENTURE
C:/Users/ahmed/USTHB ADVENTURE
[UnityMemory] Configuration Parameters - Can be set up in boot.config
    "memorysetup-bucket-allocator-granularity=16"
    "memorysetup-bucket-allocator-bucket-count=8"
    "memorysetup-bucket-allocator-block-size=33554432"
    "memorysetup-bucket-allocator-block-count=8"
    "memorysetup-main-allocator-block-size=16777216"
    "memorysetup-thread-allocator-block-size=16777216"
    "memorysetup-gfx-main-allocator-block-size=16777216"
    "memorysetup-gfx-thread-allocator-block-size=16777216"
    "memorysetup-cache-allocator-block-size=4194304"
    "memorysetup-typetree-allocator-block-size=2097152"
    "memorysetup-profiler-bucket-allocator-granularity=16"
    "memorysetup-profiler-bucket-allocator-bucket-count=8"
    "memorysetup-profiler-bucket-allocator-block-size=33554432"
    "memorysetup-profiler-bucket-allocator-block-count=8"
    "memorysetup-profiler-allocator-block-size=16777216"
    "memorysetup-profiler-editor-allocator-block-size=1048576"
    "memorysetup-temp-allocator-size-main=16777216"
    "memorysetup-job-temp-allocator-block-size=2097152"
    "memorysetup-job-temp-allocator-block-size-background=1048576"
    "memorysetup-job-temp-allocator-reduction-small-platforms=262144"
    "memorysetup-allocator-temp-initial-block-size-main=262144"
    "memorysetup-allocator-temp-initial-block-size-worker=262144"
    "memorysetup-temp-allocator-size-background-worker=32768"
    "memorysetup-temp-allocator-size-job-worker=262144"
    "memorysetup-temp-allocator-size-preload-manager=33554432"
    "memorysetup-temp-allocator-size-nav-mesh-worker=65536"
    "memorysetup-temp-allocator-size-audio-worker=65536"
    "memorysetup-temp-allocator-size-cloud-worker=32768"
    "memorysetup-temp-allocator-size-gi-baking-worker=262144"
    "memorysetup-temp-allocator-size-gi-baking-worker=262144"
    "memorysetup-temp-allocator-size-gi-baking-worker=262144"
    "memorysetup-temp-allocator-size-gi-baking-worker=262144"
    "memorysetup-temp-allocator-size-gi-baking-worker=262144"
    "memorysetup-temp-allocator-size-gfx=262144"
Player connection [41584]  Target information:

Player connection [41584]  * "[IP] 192.168.1.4 [Port] 0 [Flags] 2 [Guid] 3914603800 [EditorId] 3914603800 [Version] 1048832 [Id] WindowsEditor(7,Asus) [Debug] 1 [PackageName] WindowsEditor [ProjectName] Editor" 

Player connection [41584] Host joined multi-casting on [225.0.0.222:54997]...
Player connection [41584] Host joined alternative multi-casting on [225.0.0.222:34997]...
JobSystem: Creating JobQueue using job-worker-count value 7
Input System module state changed to: Initialized.
[Physics::Module] Initialized fallback backend.
[Physics::Module] Id: 0xdecafbad
Library Redirect Path: Library/
[Physics::Module] Selected backend.
[Physics::Module] Name: PhysX
[Physics::Module] Id: 0xf2b8ea05
[Physics::Module] SDK Version: 4.1.2
[Physics::Module] Integration Version: 1.0.0
[Physics::Module] Threading Mode: Multi-Threaded
Refreshing native plugins compatible for Editor in 7.72 ms, found 3 plugins.
Preloading 0 native plugins for Editor in 0.00 ms.
Initialize engine version: 6000.0.66f2 (b20bc5da3050)
[Subsystems] Discovering subsystems at path C:/Program Files/Unity/Hub/Editor/6000.0.66f2/Editor/Data/Resources/UnitySubsystems
[Subsystems] Discovering subsystems at path C:/Users/ahmed/USTHB ADVENTURE/Assets
GfxDevice: creating device client; kGfxThreadingModeNonThreaded
Direct3D:
    Version:  Direct3D 11.0 [level 11.1]
    Renderer: NVIDIA GeForce RTX 3050 Laptop GPU (ID=0x25a2)
    Vendor:   NVIDIA
    VRAM:     3964 MB
    Driver:   32.0.15.6607
Initialize mono
Mono path[0] = 'C:/Program Files/Unity/Hub/Editor/6000.0.66f2/Editor/Data/Managed'
Mono path[1] = 'C:/Program Files/Unity/Hub/Editor/6000.0.66f2/Editor/Data/MonoBleedingEdge/lib/mono/unityjit-win32'
Mono config path = 'C:/Program Files/Unity/Hub/Editor/6000.0.66f2/Editor/Data/MonoBleedingEdge/etc'
Using monoOptions --debugger-agent=transport=dt_socket,embedding=1,server=y,suspend=n,address=127.0.0.1:56728
Begin MonoManager ReloadAssembly
Registering precompiled unity dll's ...
Register platform support module: C:/Program Files/Unity/Hub/Editor/6000.0.66f2/Editor/Data/PlaybackEngines/WindowsStandaloneSupport/UnityEditor.WindowsStandalone.Extensions.dll
Registered in 0.010043 seconds.
- Loaded All Assemblies, in  1.308 seconds
Native extension for WindowsStandalone target not found
Mono: successfully reloaded assembly
- Finished resetting the current domain, in  1.120 seconds
Domain Reload Profiling: 2415ms
	BeginReloadAssembly (514ms)
		ExecutionOrderSort (0ms)
		DisableScriptedObjects (0ms)
		BackupInstance (0ms)
		ReleaseScriptingObjects (0ms)
		CreateAndSetChildDomain (2ms)
	RebuildCommonClasses (141ms)
	RebuildNativeTypeToScriptingClass (39ms)
	initialDomainReloadingComplete (137ms)
	LoadAllAssembliesAndSetupDomain (464ms)
		LoadAssemblies (503ms)
		RebuildTransferFunctionScriptingTraits (0ms)
		AnalyzeDomain (454ms)
			TypeCache.Refresh (451ms)
				TypeCache.ScanAssembly (412ms)
			BuildScriptInfoCaches (0ms)
			ResolveRequiredComponents (1ms)
	FinalizeReload (1121ms)
		ReleaseScriptCaches (0ms)
		RebuildScriptCaches (0ms)
		SetupLoadedEditorAssemblies (969ms)
			LogAssemblyErrors (0ms)
			InitializePlatformSupportModulesInManaged (65ms)
			SetLoadedEditorAssemblies (10ms)
			BeforeProcessingInitializeOnLoad (203ms)
			ProcessInitializeOnLoadAttributes (520ms)
			ProcessInitializeOnLoadMethodAttributes (171ms)
			AfterProcessingInitializeOnLoad (0ms)
			EditorAssembliesLoaded (0ms)
		ExecutionOrderSort2 (0ms)
		AwakeInstancesAfterBackupRestoration (0ms)
Assembly reference Packages/com.unity.cinemachine/Editor/Samples/ExposeHDRPInternals/HDRP-Editor-ref.asmref has no target assembly definition
========================================================================
Worker process is ready to serve import requests
Import Worker Mode flag is 0x00
Assembly reference Packages/com.unity.cinemachine/Editor/Samples/ExposeHDRPInternals/HDRP-Editor-ref.asmref has no target assembly definition
Assembly reference Packages/com.unity.cinemachine/Editor/Samples/ExposeHDRPInternals/HDRP-Editor-ref.asmref has no target assembly definition
Begin MonoManager ReloadAssembly
[Licensing::Module] Licensing is not yet initialized.
[Licensing::Client] Handshaking with LicensingClient:
  Version:                 1.17.4+4293ba1
  Session Id:              7e7077166ccd488dac3560292d4d813a
  Correlation Id:          d350efe4386b8a8c48d64a5d03455b18
  External correlation Id: 1623105071176521716
  Machine Id:              SnUVb1kzS9rK5kdQR4o3dJw+Iws=
[Licensing::Module] Successfully connected to LicensingClient on channel: "LicenseClient-ahmed" (connect: 0.00s, validation: 0.00s, handshake: 7.88s)
[Licensing::IpcConnector] Successfully connected to: "LicenseClient-ahmed-notifications" at "2026-01-31T19:27:37.7746282Z"
[Licensing::Module] Licensing Background thread has ended after 7.89s
[Licensing::Module] Licensing is initialized (took 2.47s).
[Licensing::Client] Successfully resolved entitlement details
[Licensing::Module] License group:
  Id: 11270619870681-UnityPersXXXX
  Product: Unity Personal
  Type: Assigned
  Expiration: Unlimited
- Loaded All Assemblies, in  4.788 seconds
Assembly reference Packages/com.unity.cinemachine/Editor/Samples/ExposeHDRPInternals/HDRP-Editor-ref.asmref has no target assembly definition
'Packages/com.unity.cinemachine/Editor/Obsolete/CinemachineVirtualCameraBaseEditor.cs' contains partial class of Unity.Object, exactly 1 of the partial classes needs to be in a file with the same filename. This is to know the one that can be referenced from ie. GameObjects
'Packages/com.unity.cinemachine/Editor/Editors/CinemachineVirtualCameraBaseEditor.cs' contains partial class of Unity.Object, exactly 1 of the partial classes needs to be in a file with the same filename. This is to know the one that can be referenced from ie. GameObjects
Refreshing native plugins compatible for Editor in 1.97 ms, found 3 plugins.
Native extension for WindowsStandalone target not found
Assembly reference Packages/com.unity.cinemachine/Editor/Samples/ExposeHDRPInternals/HDRP-Editor-ref.asmref has no target assembly definition
Package Manager log level set to [2]
[Package Manager] Failed to launch server process. Reason: Unity was launched with the -noUpm command-line argument
[Package Manager] Unable to send message (not connected to server process).
[Package Manager] Cannot connect to Unity Package Manager local server
[Package Manager] Failed to launch server process. Reason: Unity was launched with the -noUpm command-line argument
[Package Manager] Unable to send message (not connected to server process).
[Package Manager] Cannot connect to Unity Package Manager local server
Mono: successfully reloaded assembly
- Finished resetting the current domain, in  2.018 seconds
Domain Reload Profiling: 6785ms
	BeginReloadAssembly (3127ms)
		ExecutionOrderSort (0ms)
		DisableScriptedObjects (14ms)
		BackupInstance (0ms)
		ReleaseScriptingObjects (0ms)
		CreateAndSetChildDomain (94ms)
	RebuildCommonClasses (151ms)
	RebuildNativeTypeToScriptingClass (47ms)
	initialDomainReloadingComplete (156ms)
	LoadAllAssembliesAndSetupDomain (1285ms)
		LoadAssemblies (1025ms)
		RebuildTransferFunctionScriptingTraits (0ms)
		AnalyzeDomain (648ms)
			TypeCache.Refresh (421ms)
				TypeCache.ScanAssembly (389ms)
			BuildScriptInfoCaches (179ms)
			ResolveRequiredComponents (37ms)
	FinalizeReload (2019ms)
		ReleaseScriptCaches (0ms)
		RebuildScriptCaches (0ms)
		SetupLoadedEditorAssemblies (1554ms)
			LogAssemblyErrors (0ms)
			InitializePlatformSupportModulesInManaged (4ms)
			SetLoadedEditorAssemblies (10ms)
			BeforeProcessingInitializeOnLoad (386ms)
			ProcessInitializeOnLoadAttributes (980ms)
			ProcessInitializeOnLoadMethodAttributes (151ms)
			AfterProcessingInitializeOnLoad (22ms)
			EditorAssembliesLoaded (1ms)
		ExecutionOrderSort2 (0ms)
		AwakeInstancesAfterBackupRestoration (15ms)
Launched and connected shader compiler UnityShaderCompiler.exe after 0.03 seconds
Refreshing native plugins compatible for Editor in 6.57 ms, found 3 plugins.
Preloading 0 native plugins for Editor in 0.00 ms.
Unloading 14 Unused Serialized files (Serialized files now loaded: 0)
Unloading 6569 unused Assets / (5.3 MB). Loaded Objects now: 7277.
Memory consumption went from 137.9 MB to 132.5 MB.
Total: 36.918100 ms (FindLiveObjects: 2.464500 ms CreateObjectMapping: 1.966900 ms MarkObjects: 22.536300 ms  DeleteObjects: 9.946000 ms)

========================================================================
Received Import Request.
  Time since last request: 67790.344832 seconds.
  path: Assets/Arts/Textures/lampaire_armature_lampe_BaseColor.1001 1.png
  artifactKey: Guid(595b533201a990045b2681ec37dd7c9a) Importer(815301076,1909f56bfc062723c751e8b465ee728b)
Start importing Assets/Arts/Textures/lampaire_armature_lampe_BaseColor.1001 1.png using Guid(595b533201a990045b2681ec37dd7c9a) Importer(815301076,1909f56bfc062723c751e8b465ee728b) (PreviewImporter) -> (artifact id: 'c89ceefe55bd4f375e50a5f670bad913') in 0.2546118 seconds
Number of updated asset objects reloaded before import = 0Number of asset objects unloaded after import = 2

========================================================================
Received Import Request.
  Time since last request: 0.000171 seconds.
  path: Assets/Arts/Textures/lampaire_armature_lampe_Normal.1001.png
  artifactKey: Guid(30d4002061a717145b1687e8a6d594f3) Importer(815301076,1909f56bfc062723c751e8b465ee728b)
Start importing Assets/Arts/Textures/lampaire_armature_lampe_Normal.1001.png using Guid(30d4002061a717145b1687e8a6d594f3) Importer(815301076,1909f56bfc062723c751e8b465ee728b) (PreviewImporter) -> (artifact id: '1705a942dac9ad675f144d5d4cc21eaf') in 0.0371124 seconds
Number of updated asset objects reloaded before import = 0Number of asset objects unloaded after import = 2

========================================================================
Received Import Request.
  Time since last request: 0.000113 seconds.
  path: Assets/Arts/Textures/lampaire_lampadaire1_Normal.1001.png
  artifactKey: Guid(016225cc9c460f54593b716cc3166dd4) Importer(815301076,1909f56bfc062723c751e8b465ee728b)
Start importing Assets/Arts/Textures/lampaire_lampadaire1_Normal.1001.png using Guid(016225cc9c460f54593b716cc3166dd4) Importer(815301076,1909f56bfc062723c751e8b465ee728b) (PreviewImporter) -> (artifact id: '9250ba64725bec676485eb9e0ad75fdb') in 0.0334897 seconds
Number of updated asset objects reloaded before import = 0Number of asset objects unloaded after import = 2

========================================================================
Received Import Request.
  Time since last request: 0.000056 seconds.
  path: Assets/Arts/Textures/lampaire_armature_lampe_Metalness.1001 1.png
  artifactKey: Guid(69e92b8eaa252b8408030eee7d27adc2) Importer(815301076,1909f56bfc062723c751e8b465ee728b)
Start importing Assets/Arts/Textures/lampaire_armature_lampe_Metalness.1001 1.png using Guid(69e92b8eaa252b8408030eee7d27adc2) Importer(815301076,1909f56bfc062723c751e8b465ee728b) (PreviewImporter) -> (artifact id: '40be4a233792bc833b9c78dca5bcc2ce') in 0.0248631 seconds
Number of updated asset objects reloaded before import = 0Number of asset objects unloaded after import = 2

========================================================================
Received Import Request.
  Time since last request: 0.000085 seconds.
  path: Assets/Arts/Textures/lampaire_armature_lampe_Normal.1001 1.png
  artifactKey: Guid(a0327b33d947fac4086f3e5db6afd4f7) Importer(815301076,1909f56bfc062723c751e8b465ee728b)
Start importing Assets/Arts/Textures/lampaire_armature_lampe_Normal.1001 1.png using Guid(a0327b33d947fac4086f3e5db6afd4f7) Importer(815301076,1909f56bfc062723c751e8b465ee728b) (PreviewImporter) -> (artifact id: 'cfc288a0160846c07606907e8f46b9b4') in 0.0286104 seconds
Number of updated asset objects reloaded before import = 0Number of asset objects unloaded after import = 2

========================================================================
Received Import Request.
  Time since last request: 0.000046 seconds.
  path: Assets/Arts/Textures/lampaire_lampadaire_verre_Metalness.1001.png
  artifactKey: Guid(be89fb11d50f7764fb51e2e494a4acd5) Importer(815301076,1909f56bfc062723c751e8b465ee728b)
Start importing Assets/Arts/Textures/lampaire_lampadaire_verre_Metalness.1001.png using Guid(be89fb11d50f7764fb51e2e494a4acd5) Importer(815301076,1909f56bfc062723c751e8b465ee728b) (PreviewImporter) -> (artifact id: 'cca3695b383a552a39d2a301f936a1dc') in 0.0277683 seconds
Number of updated asset objects reloaded before import = 0Number of asset objects unloaded after import = 2

========================================================================
Received Import Request.
  Time since last request: 0.000091 seconds.
  path: Assets/Arts/Textures/lampaire_lampadaire_verre_Opacity.1001.png
  artifactKey: Guid(edc576d891ee6a6429d267ee6ff4db02) Importer(815301076,1909f56bfc062723c751e8b465ee728b)
Start importing Assets/Arts/Textures/lampaire_lampadaire_verre_Opacity.1001.png using Guid(edc576d891ee6a6429d267ee6ff4db02) Importer(815301076,1909f56bfc062723c751e8b465ee728b) (PreviewImporter) -> (artifact id: '4f1a4b51a3b1493674df201691a3ad94') in 0.0273174 seconds
Number of updated asset objects reloaded before import = 0Number of asset objects unloaded after import = 2

========================================================================
Received Import Request.
  Time since last request: 0.000065 seconds.
  path: Assets/Arts/Textures/Water_Water1_Normal.png
  artifactKey: Guid(040d189dd9a213041af21835484cb093) Importer(815301076,1909f56bfc062723c751e8b465ee728b)
Start importing Assets/Arts/Textures/Water_Water1_Normal.png using Guid(040d189dd9a213041af21835484cb093) Importer(815301076,1909f56bfc062723c751e8b465ee728b) (PreviewImporter) -> (artifact id: '2f2fe9094297dded5ac60aaaeaf38591') in 0.0265096 seconds
Number of updated asset objects reloaded before import = 0Number of asset objects unloaded after import = 2

========================================================================
Received Import Request.
  Time since last request: 0.000096 seconds.
  path: Assets/Arts/Textures/Water_Water1_Metallic.png
  artifactKey: Guid(be3cce4302cf04b42bd8b850acc626cb) Importer(815301076,1909f56bfc062723c751e8b465ee728b)
Start importing Assets/Arts/Textures/Water_Water1_Metallic.png using Guid(be3cce4302cf04b42bd8b850acc626cb) Importer(815301076,1909f56bfc062723c751e8b465ee728b) (PreviewImporter) -> (artifact id: '00d56dfaea9ae66638ab1e5e41e14490') in 0.0286949 seconds
Number of updated asset objects reloaded before import = 0Number of asset objects unloaded after import = 2

========================================================================
Received Import Request.
  Time since last request: 0.000080 seconds.
  path: Assets/Arts/Textures/lampaire_lampadaire1_Metalness.1001 1.png
  artifactKey: Guid(07abfbb44ef887e47a76d89a5d053b18) Importer(815301076,1909f56bfc062723c751e8b465ee728b)
Start importing Assets/Arts/Textures/lampaire_lampadaire1_Metalness.1001 1.png using Guid(07abfbb44ef887e47a76d89a5d053b18) Importer(815301076,1909f56bfc062723c751e8b465ee728b) (PreviewImporter) -> (artifact id: 'd2f58470f2b05dd9e6d7f39de13d2e56') in 0.0254333 seconds
Number of updated asset objects reloaded before import = 0Number of asset objects unloaded after import = 2

========================================================================
Received Import Request.
  Time since last request: 0.000115 seconds.
  path: Assets/Arts/Textures/lampaire_lampadaire1_Roughness.1001.png
  artifactKey: Guid(5bcae75e853f9ce4a82aa04cc9ec3362) Importer(815301076,1909f56bfc062723c751e8b465ee728b)
Start importing Assets/Arts/Textures/lampaire_lampadaire1_Roughness.1001.png using Guid(5bcae75e853f9ce4a82aa04cc9ec3362) Importer(815301076,1909f56bfc062723c751e8b465ee728b) (PreviewImporter) -> (artifact id: 'dbdb025c9b2ef55e80804488d0ea87df') in 0.0339434 seconds
Number of updated asset objects reloaded before import = 0Number of asset objects unloaded after import = 2

========================================================================
Received Import Request.
  Time since last request: 0.000120 seconds.
  path: Assets/Arts/Textures/Water_Water1_BaseColor.png
  artifactKey: Guid(625399c34364a24428f4636c1a3546cf) Importer(815301076,1909f56bfc062723c751e8b465ee728b)
Start importing Assets/Arts/Textures/Water_Water1_BaseColor.png using Guid(625399c34364a24428f4636c1a3546cf) Importer(815301076,1909f56bfc062723c751e8b465ee728b) (PreviewImporter) -> (artifact id: '87f797a1db82260da89ebadb1922f674') in 0.0451928 seconds
Number of updated asset objects reloaded before import = 0Number of asset objects unloaded after import = 2

========================================================================
Received Import Request.
  Time since last request: 0.000253 seconds.
  path: Assets/Arts/Textures/lampaire_lampadaire_verre_Opacity.1001 1.png
  artifactKey: Guid(5ce1fd1a1989b3d4d8733ba1b570ae2f) Importer(815301076,1909f56bfc062723c751e8b465ee728b)
Start importing Assets/Arts/Textures/lampaire_lampadaire_verre_Opacity.1001 1.png using Guid(5ce1fd1a1989b3d4d8733ba1b570ae2f) Importer(815301076,1909f56bfc062723c751e8b465ee728b) (PreviewImporter) -> (artifact id: 'ce9253ae4421457016d61a50464899ae') in 0.0344598 seconds
Number of updated asset objects reloaded before import = 0Number of asset objects unloaded after import = 2

========================================================================
Received Import Request.
  Time since last request: 0.000053 seconds.
  path: Assets/Arts/Textures/sketchfabTemp_tex0.jpeg
  artifactKey: Guid(2dc534b9fac255c48b7d0a36e07f8a2d) Importer(815301076,1909f56bfc062723c751e8b465ee728b)
Start importing Assets/Arts/Textures/sketchfabTemp_tex0.jpeg using Guid(2dc534b9fac255c48b7d0a36e07f8a2d) Importer(815301076,1909f56bfc062723c751e8b465ee728b) (PreviewImporter) -> (artifact id: '8eef93c5e07073890525b6c6b822b1e3') in 0.0331308 seconds
Number of updated asset objects reloaded before import = 0Number of asset objects unloaded after import = 2

========================================================================
Received Import Request.
  Time since last request: 0.000091 seconds.
  path: Assets/Arts/Textures/lampaire_lampadaire_verre_Metalness.1001 1.png
  artifactKey: Guid(3b820987cb843f04fb5064b4889fad52) Importer(815301076,1909f56bfc062723c751e8b465ee728b)
Start importing Assets/Arts/Textures/lampaire_lampadaire_verre_Metalness.1001 1.png using Guid(3b820987cb843f04fb5064b4889fad52) Importer(815301076,1909f56bfc062723c751e8b465ee728b) (PreviewImporter) -> (artifact id: 'aa0c0cd45be56570eca0f16b335ed84e') in 0.0377064 seconds
Number of updated asset objects reloaded before import = 0Number of asset objects unloaded after import = 2

========================================================================
Received Import Request.
  Time since last request: 0.000053 seconds.
  path: Assets/Arts/Textures/lampaire_lampadaire_verre_Roughness.1001 1.png
  artifactKey: Guid(df9f053a9a69f7548bced647ff5dc00b) Importer(815301076,1909f56bfc062723c751e8b465ee728b)
Start importing Assets/Arts/Textures/lampaire_lampadaire_verre_Roughness.1001 1.png using Guid(df9f053a9a69f7548bced647ff5dc00b) Importer(815301076,1909f56bfc062723c751e8b465ee728b) (PreviewImporter) -> (artifact id: '71d80e561dfb65f0da3ca7fdc1657302') in 0.0322787 seconds
Number of updated asset objects reloaded before import = 0Number of asset objects unloaded after import = 2

Editor requested this worker to shutdown with reason: Scaling down because of idle timeout
AssetImportWorker is now disconnected from the server
Process exiting
Exiting without the bug reporter. Application will terminate with return code 0