[Licensing::Module] Trying to connect to existing licensing client channel...
Built from '6000.0/respin/6000.0.66f1-e7adf66625be' branch; Version is '6000.0.66f2 (b20bc5da3050) revision 11668421'; Using compiler version '193933523'; Build Type 'Release'
[Licensing::IpcConnector] Successfully connected to: "LicenseClient-ahmed" at "2026-01-31T18:46:14.1436688Z"
OS: 'Windows 11  (10.0.26200) Professional' Language: 'en' Physical Memory: 15790 MB
BatchMode: 1, IsHumanControllingUs: 0, StartBugReporterOnCrash: 0, Is64bit: 1
System  architecture: x64
Process architecture: x64
Date: 2026-01-31T18:46:14Z

COMMAND LINE ARGUMENTS:
C:\Program Files\Unity\Hub\Editor\6000.0.66f2\Editor\Unity.exe
-adb2
-batchMode
-noUpm
-name
AssetImportWorker21
-projectPath
C:/Users/ahmed/USTHB ADVENTURE
-logFile
Logs/AssetImportWorker21.log
-srvPort
61879
-licensingIpc
LicenseClient-ahmed
-job-worker-count
7
-background-job-worker-count
8
-gc-helper-count
1
-name
AssetImport
Successfully changed project path to: C:/Users/ahmed/USTHB ADVENTURE
C:/Users/ahmed/USTHB ADVENTURE
[UnityMemory] Configuration Parameters - Can be set up in boot.config
    "memorysetup-bucket-allocator-granularity=16"
    "memorysetup-bucket-allocator-bucket-count=8"
    "memorysetup-bucket-allocator-block-size=33554432"
    "memorysetup-bucket-allocator-block-count=8"
    "memorysetup-main-allocator-block-size=16777216"
    "memorysetup-thread-allocator-block-size=16777216"
    "memorysetup-gfx-main-allocator-block-size=16777216"
    "memorysetup-gfx-thread-allocator-block-size=16777216"
    "memorysetup-cache-allocator-block-size=4194304"
    "memorysetup-typetree-allocator-block-size=2097152"
    "memorysetup-profiler-bucket-allocator-granularity=16"
    "memorysetup-profiler-bucket-allocator-bucket-count=8"
    "memorysetup-profiler-bucket-allocator-block-size=33554432"
    "memorysetup-profiler-bucket-allocator-block-count=8"
    "memorysetup-profiler-allocator-block-size=16777216"
    "memorysetup-profiler-editor-allocator-block-size=1048576"
    "memorysetup-temp-allocator-size-main=16777216"
    "memorysetup-job-temp-allocator-block-size=2097152"
    "memorysetup-job-temp-allocator-block-size-background=1048576"
    "memorysetup-job-temp-allocator-reduction-small-platforms=262144"
    "memorysetup-allocator-temp-initial-block-size-main=262144"
    "memorysetup-allocator-temp-initial-block-size-worker=262144"
    "memorysetup-temp-allocator-size-background-worker=32768"
    "memorysetup-temp-allocator-size-job-worker=262144"
    "memorysetup-temp-allocator-size-preload-manager=33554432"
    "memorysetup-temp-allocator-size-nav-mesh-worker=65536"
    "memorysetup-temp-allocator-size-audio-worker=65536"
    "memorysetup-temp-allocator-size-cloud-worker=32768"
    "memorysetup-temp-allocator-size-gi-baking-worker=262144"
    "memorysetup-temp-allocator-size-gi-baking-worker=262144"
    "memorysetup-temp-allocator-size-gi-baking-worker=262144"
    "memorysetup-temp-allocator-size-gi-baking-worker=262144"
    "memorysetup-temp-allocator-size-gi-baking-worker=262144"
    "memorysetup-temp-allocator-size-gfx=262144"
Player connection [40536]  Target information:

Player connection [40536]  * "[IP] 192.168.1.4 [Port] 0 [Flags] 2 [Guid] 3164875376 [EditorId] 3164875376 [Version] 1048832 [Id] WindowsEditor(7,Asus) [Debug] 1 [PackageName] WindowsEditor [ProjectName] Editor" 

Player connection [40536] Host joined multi-casting on [225.0.0.222:54997]...
Player connection [40536] Host joined alternative multi-casting on [225.0.0.222:34997]...
JobSystem: Creating JobQueue using job-worker-count value 7
Input System module state changed to: Initialized.
[Physics::Module] Initialized fallback backend.
[Physics::Module] Id: 0xdecafbad
Library Redirect Path: Library/
[Physics::Module] Selected backend.
[Physics::Module] Name: PhysX
[Physics::Module] Id: 0xf2b8ea05
[Physics::Module] SDK Version: 4.1.2
[Physics::Module] Integration Version: 1.0.0
[Physics::Module] Threading Mode: Multi-Threaded
Refreshing native plugins compatible for Editor in 9.72 ms, found 3 plugins.
Preloading 0 native plugins for Editor in 0.00 ms.
Initialize engine version: 6000.0.66f2 (b20bc5da3050)
[Subsystems] Discovering subsystems at path C:/Program Files/Unity/Hub/Editor/6000.0.66f2/Editor/Data/Resources/UnitySubsystems
[Subsystems] Discovering subsystems at path C:/Users/ahmed/USTHB ADVENTURE/Assets
GfxDevice: creating device client; kGfxThreadingModeNonThreaded
Direct3D:
    Version:  Direct3D 11.0 [level 11.1]
    Renderer: NVIDIA GeForce RTX 3050 Laptop GPU (ID=0x25a2)
    Vendor:   NVIDIA
    VRAM:     3964 MB
    Driver:   32.0.15.6607
Initialize mono
Mono path[0] = 'C:/Program Files/Unity/Hub/Editor/6000.0.66f2/Editor/Data/Managed'
Mono path[1] = 'C:/Program Files/Unity/Hub/Editor/6000.0.66f2/Editor/Data/MonoBleedingEdge/lib/mono/unityjit-win32'
Mono config path = 'C:/Program Files/Unity/Hub/Editor/6000.0.66f2/Editor/Data/MonoBleedingEdge/etc'
Using monoOptions --debugger-agent=transport=dt_socket,embedding=1,server=y,suspend=n,address=127.0.0.1:56544
Begin MonoManager ReloadAssembly
Registering precompiled unity dll's ...
Register platform support module: C:/Program Files/Unity/Hub/Editor/6000.0.66f2/Editor/Data/PlaybackEngines/WindowsStandaloneSupport/UnityEditor.WindowsStandalone.Extensions.dll
Registered in 0.016745 seconds.
- Loaded All Assemblies, in  1.497 seconds
Native extension for WindowsStandalone target not found
Mono: successfully reloaded assembly
- Finished resetting the current domain, in  1.060 seconds
Domain Reload Profiling: 2544ms
	BeginReloadAssembly (560ms)
		ExecutionOrderSort (0ms)
		DisableScriptedObjects (0ms)
		BackupInstance (0ms)
		ReleaseScriptingObjects (0ms)
		CreateAndSetChildDomain (2ms)
	RebuildCommonClasses (189ms)
	RebuildNativeTypeToScriptingClass (50ms)
	initialDomainReloadingComplete (243ms)
	LoadAllAssembliesAndSetupDomain (440ms)
		LoadAssemblies (543ms)
		RebuildTransferFunctionScriptingTraits (0ms)
		AnalyzeDomain (430ms)
			TypeCache.Refresh (427ms)
				TypeCache.ScanAssembly (395ms)
			BuildScriptInfoCaches (0ms)
			ResolveRequiredComponents (1ms)
	FinalizeReload (1061ms)
		ReleaseScriptCaches (0ms)
		RebuildScriptCaches (0ms)
		SetupLoadedEditorAssemblies (941ms)
			LogAssemblyErrors (0ms)
			InitializePlatformSupportModulesInManaged (53ms)
			SetLoadedEditorAssemblies (12ms)
			BeforeProcessingInitializeOnLoad (230ms)
			ProcessInitializeOnLoadAttributes (512ms)
			ProcessInitializeOnLoadMethodAttributes (133ms)
			AfterProcessingInitializeOnLoad (0ms)
			EditorAssembliesLoaded (0ms)
		ExecutionOrderSort2 (0ms)
		AwakeInstancesAfterBackupRestoration (0ms)
Assembly reference Packages/com.unity.cinemachine/Editor/Samples/ExposeHDRPInternals/HDRP-Editor-ref.asmref has no target assembly definition
========================================================================
Worker process is ready to serve import requests
Import Worker Mode flag is 0x00
Assembly reference Packages/com.unity.cinemachine/Editor/Samples/ExposeHDRPInternals/HDRP-Editor-ref.asmref has no target assembly definition
Assembly reference Packages/com.unity.cinemachine/Editor/Samples/ExposeHDRPInternals/HDRP-Editor-ref.asmref has no target assembly definition
Begin MonoManager ReloadAssembly
[Licensing::Module] Licensing is not yet initialized.
[Licensing::Client] Handshaking with LicensingClient:
  Version:                 1.17.4+4293ba1
  Session Id:              a6c1317131e644a385a93d7abfd1c809
  Correlation Id:          d350efe4386b8a8c48d64a5d03455b18
  External correlation Id: 9007513906562434710
  Machine Id:              SnUVb1kzS9rK5kdQR4o3dJw+Iws=
[Licensing::Module] Successfully connected to LicensingClient on channel: "LicenseClient-ahmed" (connect: 0.00s, validation: 0.00s, handshake: 7.49s)
[Licensing::IpcConnector] Successfully connected to: "LicenseClient-ahmed-notifications" at "2026-01-31T18:46:21.6388853Z"
[Licensing::Module] Licensing Background thread has ended after 7.50s
[Licensing::Module] Licensing is initialized (took 1.68s).
[Licensing::Client] Successfully resolved entitlement details
[Licensing::Module] License group:
  Id: 11270619870681-UnityPersXXXX
  Product: Unity Personal
  Type: Assigned
  Expiration: Unlimited
- Loaded All Assemblies, in  3.601 seconds
Assembly reference Packages/com.unity.cinemachine/Editor/Samples/ExposeHDRPInternals/HDRP-Editor-ref.asmref has no target assembly definition
'Packages/com.unity.cinemachine/Editor/Obsolete/CinemachineVirtualCameraBaseEditor.cs' contains partial class of Unity.Object, exactly 1 of the partial classes needs to be in a file with the same filename. This is to know the one that can be referenced from ie. GameObjects
'Packages/com.unity.cinemachine/Editor/Editors/CinemachineVirtualCameraBaseEditor.cs' contains partial class of Unity.Object, exactly 1 of the partial classes needs to be in a file with the same filename. This is to know the one that can be referenced from ie. GameObjects
Refreshing native plugins compatible for Editor in 2.00 ms, found 3 plugins.
Native extension for WindowsStandalone target not found
Assembly reference Packages/com.unity.cinemachine/Editor/Samples/ExposeHDRPInternals/HDRP-Editor-ref.asmref has no target assembly definition
Package Manager log level set to [2]
[Package Manager] Failed to launch server process. Reason: Unity was launched with the -noUpm command-line argument
[Package Manager] Unable to send message (not connected to server process).
[Package Manager] Cannot connect to Unity Package Manager local server
[Package Manager] Failed to launch server process. Reason: Unity was launched with the -noUpm command-line argument
[Package Manager] Unable to send message (not connected to server process).
[Package Manager] Cannot connect to Unity Package Manager local server
Mono: successfully reloaded assembly
- Finished resetting the current domain, in  1.613 seconds
Domain Reload Profiling: 5196ms
	BeginReloadAssembly (2122ms)
		ExecutionOrderSort (0ms)
		DisableScriptedObjects (19ms)
		BackupInstance (0ms)
		ReleaseScriptingObjects (0ms)
		CreateAndSetChildDomain (59ms)
	RebuildCommonClasses (97ms)
	RebuildNativeTypeToScriptingClass (21ms)
	initialDomainReloadingComplete (80ms)
	LoadAllAssembliesAndSetupDomain (1261ms)
		LoadAssemblies (878ms)
		RebuildTransferFunctionScriptingTraits (0ms)
		AnalyzeDomain (615ms)
			TypeCache.Refresh (438ms)
				TypeCache.ScanAssembly (409ms)
			BuildScriptInfoCaches (144ms)
			ResolveRequiredComponents (25ms)
	FinalizeReload (1615ms)
		ReleaseScriptCaches (0ms)
		RebuildScriptCaches (0ms)
		SetupLoadedEditorAssemblies (1189ms)
			LogAssemblyErrors (0ms)
			InitializePlatformSupportModulesInManaged (4ms)
			SetLoadedEditorAssemblies (8ms)
			BeforeProcessingInitializeOnLoad (252ms)
			ProcessInitializeOnLoadAttributes (756ms)
			ProcessInitializeOnLoadMethodAttributes (144ms)
			AfterProcessingInitializeOnLoad (23ms)
			EditorAssembliesLoaded (1ms)
		ExecutionOrderSort2 (0ms)
		AwakeInstancesAfterBackupRestoration (23ms)
Launched and connected shader compiler UnityShaderCompiler.exe after 0.06 seconds
Refreshing native plugins compatible for Editor in 6.92 ms, found 3 plugins.
Preloading 0 native plugins for Editor in 0.00 ms.
Unloading 14 Unused Serialized files (Serialized files now loaded: 0)
Unloading 6569 unused Assets / (5.3 MB). Loaded Objects now: 7275.
Memory consumption went from 135.0 MB to 129.7 MB.
Total: 37.140100 ms (FindLiveObjects: 1.992400 ms CreateObjectMapping: 2.140300 ms MarkObjects: 22.023600 ms  DeleteObjects: 10.979800 ms)

========================================================================
Received Import Request.
  Time since last request: 65712.431943 seconds.
  path: Assets/Arts/Models/trees.fbx
  artifactKey: Guid(ec918d1d60e9c7b459a9e226a6577380) Importer(2089858483,192608db42251d675da83286b1cce702)
Start importing Assets/Arts/Models/trees.fbx using Guid(ec918d1d60e9c7b459a9e226a6577380) Importer(2089858483,192608db42251d675da83286b1cce702) (ScriptedImporter) -> (artifact id: 'a45895d4465a537f45e8614ff519f67f') in 0.9876024 seconds
Number of updated asset objects reloaded before import = 0Number of asset objects unloaded after import = 16

========================================================================
Received Import Request.
  Time since last request: 6.956374 seconds.
  path: Assets/Arts/Textures/1234.png
  artifactKey: Guid(456d0044cef4138478e3355d3bdd9412) Importer(2089858483,192608db42251d675da83286b1cce702)
Start importing Assets/Arts/Textures/1234.png using Guid(456d0044cef4138478e3355d3bdd9412) Importer(2089858483,192608db42251d675da83286b1cce702) (ScriptedImporter) -> (artifact id: '82ebc59a7c68a94ac381dab1b19cf944') in 0.1505262 seconds
Number of updated asset objects reloaded before import = 0Number of asset objects unloaded after import = 1

========================================================================
Received Import Request.
  Time since last request: 0.000048 seconds.
  path: Assets/Arts/Textures/bark03_n.png
  artifactKey: Guid(9702873f2a038654a9c2395a49b40673) Importer(2089858483,192608db42251d675da83286b1cce702)
Start importing Assets/Arts/Textures/bark03_n.png using Guid(9702873f2a038654a9c2395a49b40673) Importer(2089858483,192608db42251d675da83286b1cce702) (ScriptedImporter) -> (artifact id: '707508a36d79e9ee16e164343f79c48f') in 0.04402 seconds
Number of updated asset objects reloaded before import = 0Number of asset objects unloaded after import = 1

========================================================================
Received Import Request.
  Time since last request: 0.000059 seconds.
  path: Assets/Arts/Textures/bark03.png
  artifactKey: Guid(2ce5747af7cb7c34eb5cb8277710adfb) Importer(2089858483,192608db42251d675da83286b1cce702)
Start importing Assets/Arts/Textures/bark03.png using Guid(2ce5747af7cb7c34eb5cb8277710adfb) Importer(2089858483,192608db42251d675da83286b1cce702) (ScriptedImporter) -> (artifact id: '4080df769ea818cc23777228d6bdf247') in 0.0393129 seconds
Number of updated asset objects reloaded before import = 0Number of asset objects unloaded after import = 1

========================================================================
Received Import Request.
  Time since last request: 148.589002 seconds.
  path: Assets/Arts/Textures/bark1.png
  artifactKey: Guid(adcae0e8bb5197641a297c77b50e2a80) Importer(815301076,1909f56bfc062723c751e8b465ee728b)
Start importing Assets/Arts/Textures/bark1.png using Guid(adcae0e8bb5197641a297c77b50e2a80) Importer(815301076,1909f56bfc062723c751e8b465ee728b) (PreviewImporter) -> (artifact id: '76c37f841e1b2011fe9c8280367738a0') in 0.2267187 seconds
Number of updated asset objects reloaded before import = 0Number of asset objects unloaded after import = 2

========================================================================
Received Import Request.
  Time since last request: 0.000101 seconds.
  path: Assets/Arts/Textures/Image_4.002.png
  artifactKey: Guid(e2262aec664cfa640a78d1ca7d718d28) Importer(815301076,1909f56bfc062723c751e8b465ee728b)
Start importing Assets/Arts/Textures/Image_4.002.png using Guid(e2262aec664cfa640a78d1ca7d718d28) Importer(815301076,1909f56bfc062723c751e8b465ee728b) (PreviewImporter) -> (artifact id: '5e9810d013c70664bc4bfd28ed619be0') in 0.0323635 seconds
Number of updated asset objects reloaded before import = 0Number of asset objects unloaded after import = 2

========================================================================
Received Import Request.
  Time since last request: 0.000076 seconds.
  path: Assets/Arts/Textures/Image_1.011.png
  artifactKey: Guid(db04a9805f48f5548aae7611f000b40a) Importer(815301076,1909f56bfc062723c751e8b465ee728b)
Start importing Assets/Arts/Textures/Image_1.011.png using Guid(db04a9805f48f5548aae7611f000b40a) Importer(815301076,1909f56bfc062723c751e8b465ee728b) (PreviewImporter) -> (artifact id: '167ca47c6b76d69ea59b1573132ec951') in 0.028646 seconds
Number of updated asset objects reloaded before import = 0Number of asset objects unloaded after import = 2

========================================================================
Received Import Request.
  Time since last request: 0.000059 seconds.
  path: Assets/Arts/Textures/Image_2.png
  artifactKey: Guid(a7583bf77318aa843bbba90f4f8a1e30) Importer(815301076,1909f56bfc062723c751e8b465ee728b)
Start importing Assets/Arts/Textures/Image_2.png using Guid(a7583bf77318aa843bbba90f4f8a1e30) Importer(815301076,1909f56bfc062723c751e8b465ee728b) (PreviewImporter) -> (artifact id: 'e67ba592ba17eec34e0143b8a577fa91') in 0.0266039 seconds
Number of updated asset objects reloaded before import = 0Number of asset objects unloaded after import = 2

========================================================================
Received Import Request.
  Time since last request: 0.000096 seconds.
  path: Assets/Arts/Textures/Image_4.png
  artifactKey: Guid(b4e9b04b62fffa74498c9d14cb652c2f) Importer(815301076,1909f56bfc062723c751e8b465ee728b)
Start importing Assets/Arts/Textures/Image_4.png using Guid(b4e9b04b62fffa74498c9d14cb652c2f) Importer(815301076,1909f56bfc062723c751e8b465ee728b) (PreviewImporter) -> (artifact id: '1da1292c17e04a71e4c2b5cd3b563e6e') in 0.0243003 seconds
Number of updated asset objects reloaded before import = 0Number of asset objects unloaded after import = 2

========================================================================
Received Import Request.
  Time since last request: 0.000091 seconds.
  path: Assets/Arts/Textures/Image_1.009.png
  artifactKey: Guid(d012c77713aa0914dbdd9cd63edbcf53) Importer(815301076,1909f56bfc062723c751e8b465ee728b)
Start importing Assets/Arts/Textures/Image_1.009.png using Guid(d012c77713aa0914dbdd9cd63edbcf53) Importer(815301076,1909f56bfc062723c751e8b465ee728b) (PreviewImporter) -> (artifact id: 'cd8bf013d849e1b997bc52f5ce455b77') in 0.020951 seconds
Number of updated asset objects reloaded before import = 0Number of asset objects unloaded after import = 2

========================================================================
Received Import Request.
  Time since last request: 0.000095 seconds.
  path: Assets/Arts/Textures/Image_4.001.png
  artifactKey: Guid(248484f815b429643ad454d14614f6bf) Importer(815301076,1909f56bfc062723c751e8b465ee728b)
Start importing Assets/Arts/Textures/Image_4.001.png using Guid(248484f815b429643ad454d14614f6bf) Importer(815301076,1909f56bfc062723c751e8b465ee728b) (PreviewImporter) -> (artifact id: 'cfb03c5ec46caad0c61dee02ae0de6f1') in 0.0257093 seconds
Number of updated asset objects reloaded before import = 0Number of asset objects unloaded after import = 2

========================================================================
Received Import Request.
  Time since last request: 0.000105 seconds.
  path: Assets/Arts/Textures/Image_2.010.png
  artifactKey: Guid(721347c7d130f36499bce6f45968a291) Importer(815301076,1909f56bfc062723c751e8b465ee728b)
Start importing Assets/Arts/Textures/Image_2.010.png using Guid(721347c7d130f36499bce6f45968a291) Importer(815301076,1909f56bfc062723c751e8b465ee728b) (PreviewImporter) -> (artifact id: 'e1ea79aaaafbec7082cd0c1ac7b0ebcf') in 0.0270842 seconds
Number of updated asset objects reloaded before import = 0Number of asset objects unloaded after import = 2

========================================================================
Received Import Request.
  Time since last request: 0.000128 seconds.
  path: Assets/Arts/Textures/Image_2.002.png
  artifactKey: Guid(c5750cca74951ee4a996a020aaeb2da5) Importer(815301076,1909f56bfc062723c751e8b465ee728b)
Start importing Assets/Arts/Textures/Image_2.002.png using Guid(c5750cca74951ee4a996a020aaeb2da5) Importer(815301076,1909f56bfc062723c751e8b465ee728b) (PreviewImporter) -> (artifact id: '3995a1e86412da0b08dcef7ce065f31e') in 0.0370986 seconds
Number of updated asset objects reloaded before import = 0Number of asset objects unloaded after import = 2

========================================================================
Received Import Request.
  Time since last request: 0.000073 seconds.
  path: Assets/Arts/Textures/Image_1.010.png
  artifactKey: Guid(d9fd950fa7954c74c86855dbba0b7a67) Importer(815301076,1909f56bfc062723c751e8b465ee728b)
Start importing Assets/Arts/Textures/Image_1.010.png using Guid(d9fd950fa7954c74c86855dbba0b7a67) Importer(815301076,1909f56bfc062723c751e8b465ee728b) (PreviewImporter) -> (artifact id: '6fb9c8c4536db6088f49690ba2a8028d') in 0.0292296 seconds
Number of updated asset objects reloaded before import = 0Number of asset objects unloaded after import = 2

========================================================================
Received Import Request.
  Time since last request: 0.000105 seconds.
  path: Assets/Arts/Textures/Image_4.011.png
  artifactKey: Guid(0ff7d894527e9144297f68da250b1f37) Importer(815301076,1909f56bfc062723c751e8b465ee728b)
Start importing Assets/Arts/Textures/Image_4.011.png using Guid(0ff7d894527e9144297f68da250b1f37) Importer(815301076,1909f56bfc062723c751e8b465ee728b) (PreviewImporter) -> (artifact id: '64efab570f8ab459f6e78b313ef46f49') in 0.0227704 seconds
Number of updated asset objects reloaded before import = 0Number of asset objects unloaded after import = 2

========================================================================
Received Import Request.
  Time since last request: 0.000061 seconds.
  path: Assets/Arts/Textures/bark03_n.png
  artifactKey: Guid(9702873f2a038654a9c2395a49b40673) Importer(815301076,1909f56bfc062723c751e8b465ee728b)
Start importing Assets/Arts/Textures/bark03_n.png using Guid(9702873f2a038654a9c2395a49b40673) Importer(815301076,1909f56bfc062723c751e8b465ee728b) (PreviewImporter) -> (artifact id: 'a1a94702db4cb916526ef766887cf7cb') in 0.0306588 seconds
Number of updated asset objects reloaded before import = 0Number of asset objects unloaded after import = 2

========================================================================
Received Import Request.
  Time since last request: 0.000125 seconds.
  path: Assets/Arts/Textures/Image_4.006.png
  artifactKey: Guid(77dc76f53cf04c84a93108fa810c8aee) Importer(815301076,1909f56bfc062723c751e8b465ee728b)
Start importing Assets/Arts/Textures/Image_4.006.png using Guid(77dc76f53cf04c84a93108fa810c8aee) Importer(815301076,1909f56bfc062723c751e8b465ee728b) (PreviewImporter) -> (artifact id: '81fccf0ab24402b328d4dcc8d1368c45') in 0.0252944 seconds
Number of updated asset objects reloaded before import = 0Number of asset objects unloaded after import = 2

========================================================================
Received Import Request.
  Time since last request: 0.000121 seconds.
  path: Assets/Arts/Textures/Image_2.001.png
  artifactKey: Guid(f3263e947b5c7e24c92756ffb28e4e7d) Importer(815301076,1909f56bfc062723c751e8b465ee728b)
Start importing Assets/Arts/Textures/Image_2.001.png using Guid(f3263e947b5c7e24c92756ffb28e4e7d) Importer(815301076,1909f56bfc062723c751e8b465ee728b) (PreviewImporter) -> (artifact id: '0009c5d3bad013eba6767abdcc9ad29e') in 0.030849 seconds
Number of updated asset objects reloaded before import = 0Number of asset objects unloaded after import = 2

========================================================================
Received Import Request.
  Time since last request: 1.105014 seconds.
  path: Assets/Arts/Textures/oakbranchcolormapbleed.png
  artifactKey: Guid(3cb6935db03999649a38c623e14408ec) Importer(815301076,1909f56bfc062723c751e8b465ee728b)
Start importing Assets/Arts/Textures/oakbranchcolormapbleed.png using Guid(3cb6935db03999649a38c623e14408ec) Importer(815301076,1909f56bfc062723c751e8b465ee728b) (PreviewImporter) -> (artifact id: '0f1de3cedec0422b547262dfa75d1b92') in 0.0305409 seconds
Number of updated asset objects reloaded before import = 0Number of asset objects unloaded after import = 2

========================================================================
Received Import Request.
  Time since last request: 0.000060 seconds.
  path: Assets/Arts/Textures/oakbranchNormal.png
  artifactKey: Guid(532a88665338e9f41ac52148c2b3e245) Importer(815301076,1909f56bfc062723c751e8b465ee728b)
Start importing Assets/Arts/Textures/oakbranchNormal.png using Guid(532a88665338e9f41ac52148c2b3e245) Importer(815301076,1909f56bfc062723c751e8b465ee728b) (PreviewImporter) -> (artifact id: '8fee029298a366245ee388e4ce5e43f4') in 0.0315059 seconds
Number of updated asset objects reloaded before import = 0Number of asset objects unloaded after import = 2

Editor requested this worker to shutdown with reason: Scaling down because of idle timeout
AssetImportWorker is now disconnected from the server
Process exiting
Exiting without the bug reporter. Application will terminate with return code 0