[Licensing::Module] Trying to connect to existing licensing client channel...
[Licensing::IpcConnector] Successfully connected to: "LicenseClient-ahmed" at "2026-01-31T17:08:48.9723005Z"
Built from '6000.0/respin/6000.0.66f1-e7adf66625be' branch; Version is '6000.0.66f2 (b20bc5da3050) revision 11668421'; Using compiler version '193933523'; Build Type 'Release'
OS: 'Windows 11  (10.0.26200) Professional' Language: 'en' Physical Memory: 15790 MB
BatchMode: 1, IsHumanControllingUs: 0, StartBugReporterOnCrash: 0, Is64bit: 1
System  architecture: x64
Process architecture: x64
Date: 2026-01-31T17:08:48Z

COMMAND LINE ARGUMENTS:
C:\Program Files\Unity\Hub\Editor\6000.0.66f2\Editor\Unity.exe
-adb2
-batchMode
-noUpm
-name
AssetImportWorker12
-projectPath
C:/Users/ahmed/USTHB ADVENTURE
-logFile
Logs/AssetImportWorker12.log
-srvPort
61879
-licensingIpc
LicenseClient-ahmed
-job-worker-count
7
-background-job-worker-count
8
-gc-helper-count
1
-name
AssetImport
Successfully changed project path to: C:/Users/ahmed/USTHB ADVENTURE
C:/Users/ahmed/USTHB ADVENTURE
[UnityMemory] Configuration Parameters - Can be set up in boot.config
    "memorysetup-bucket-allocator-granularity=16"
    "memorysetup-bucket-allocator-bucket-count=8"
    "memorysetup-bucket-allocator-block-size=33554432"
    "memorysetup-bucket-allocator-block-count=8"
    "memorysetup-main-allocator-block-size=16777216"
    "memorysetup-thread-allocator-block-size=16777216"
    "memorysetup-gfx-main-allocator-block-size=16777216"
    "memorysetup-gfx-thread-allocator-block-size=16777216"
    "memorysetup-cache-allocator-block-size=4194304"
    "memorysetup-typetree-allocator-block-size=2097152"
    "memorysetup-profiler-bucket-allocator-granularity=16"
    "memorysetup-profiler-bucket-allocator-bucket-count=8"
    "memorysetup-profiler-bucket-allocator-block-size=33554432"
    "memorysetup-profiler-bucket-allocator-block-count=8"
    "memorysetup-profiler-allocator-block-size=16777216"
    "memorysetup-profiler-editor-allocator-block-size=1048576"
    "memorysetup-temp-allocator-size-main=16777216"
    "memorysetup-job-temp-allocator-block-size=2097152"
    "memorysetup-job-temp-allocator-block-size-background=1048576"
    "memorysetup-job-temp-allocator-reduction-small-platforms=262144"
    "memorysetup-allocator-temp-initial-block-size-main=262144"
    "memorysetup-allocator-temp-initial-block-size-worker=262144"
    "memorysetup-temp-allocator-size-background-worker=32768"
    "memorysetup-temp-allocator-size-job-worker=262144"
    "memorysetup-temp-allocator-size-preload-manager=33554432"
    "memorysetup-temp-allocator-size-nav-mesh-worker=65536"
    "memorysetup-temp-allocator-size-audio-worker=65536"
    "memorysetup-temp-allocator-size-cloud-worker=32768"
    "memorysetup-temp-allocator-size-gi-baking-worker=262144"
    "memorysetup-temp-allocator-size-gi-baking-worker=262144"
    "memorysetup-temp-allocator-size-gi-baking-worker=262144"
    "memorysetup-temp-allocator-size-gi-baking-worker=262144"
    "memorysetup-temp-allocator-size-gi-baking-worker=262144"
    "memorysetup-temp-allocator-size-gfx=262144"
Player connection [25412]  Target information:

Player connection [25412]  * "[IP] 192.168.1.4 [Port] 0 [Flags] 2 [Guid] 93456086 [EditorId] 93456086 [Version] 1048832 [Id] WindowsEditor(7,Asus) [Debug] 1 [PackageName] WindowsEditor [ProjectName] Editor" 

Player connection [25412] Host joined multi-casting on [225.0.0.222:54997]...
Player connection [25412] Host joined alternative multi-casting on [225.0.0.222:34997]...
JobSystem: Creating JobQueue using job-worker-count value 7
Input System module state changed to: Initialized.
[Physics::Module] Initialized fallback backend.
[Physics::Module] Id: 0xdecafbad
Library Redirect Path: Library/
[Physics::Module] Selected backend.
[Physics::Module] Name: PhysX
[Physics::Module] Id: 0xf2b8ea05
[Physics::Module] SDK Version: 4.1.2
[Physics::Module] Integration Version: 1.0.0
[Physics::Module] Threading Mode: Multi-Threaded
Refreshing native plugins compatible for Editor in 8.92 ms, found 3 plugins.
Preloading 0 native plugins for Editor in 0.00 ms.
Initialize engine version: 6000.0.66f2 (b20bc5da3050)
[Subsystems] Discovering subsystems at path C:/Program Files/Unity/Hub/Editor/6000.0.66f2/Editor/Data/Resources/UnitySubsystems
[Subsystems] Discovering subsystems at path C:/Users/ahmed/USTHB ADVENTURE/Assets
GfxDevice: creating device client; kGfxThreadingModeNonThreaded
Direct3D:
    Version:  Direct3D 11.0 [level 11.1]
    Renderer: NVIDIA GeForce RTX 3050 Laptop GPU (ID=0x25a2)
    Vendor:   NVIDIA
    VRAM:     3964 MB
    Driver:   32.0.15.6607
Initialize mono
Mono path[0] = 'C:/Program Files/Unity/Hub/Editor/6000.0.66f2/Editor/Data/Managed'
Mono path[1] = 'C:/Program Files/Unity/Hub/Editor/6000.0.66f2/Editor/Data/MonoBleedingEdge/lib/mono/unityjit-win32'
Mono config path = 'C:/Program Files/Unity/Hub/Editor/6000.0.66f2/Editor/Data/MonoBleedingEdge/etc'
Using monoOptions --debugger-agent=transport=dt_socket,embedding=1,server=y,suspend=n,address=127.0.0.1:56900
Begin MonoManager ReloadAssembly
Registering precompiled unity dll's ...
Register platform support module: C:/Program Files/Unity/Hub/Editor/6000.0.66f2/Editor/Data/PlaybackEngines/WindowsStandaloneSupport/UnityEditor.WindowsStandalone.Extensions.dll
Registered in 0.028063 seconds.
- Loaded All Assemblies, in  2.307 seconds
Native extension for WindowsStandalone target not found
Mono: successfully reloaded assembly
- Finished resetting the current domain, in  1.921 seconds
Domain Reload Profiling: 4212ms
	BeginReloadAssembly (914ms)
		ExecutionOrderSort (0ms)
		DisableScriptedObjects (0ms)
		BackupInstance (0ms)
		ReleaseScriptingObjects (0ms)
		CreateAndSetChildDomain (3ms)
	RebuildCommonClasses (210ms)
	RebuildNativeTypeToScriptingClass (67ms)
	initialDomainReloadingComplete (309ms)
	LoadAllAssembliesAndSetupDomain (790ms)
		LoadAssemblies (891ms)
		RebuildTransferFunctionScriptingTraits (0ms)
		AnalyzeDomain (773ms)
			TypeCache.Refresh (767ms)
				TypeCache.ScanAssembly (697ms)
			BuildScriptInfoCaches (1ms)
			ResolveRequiredComponents (2ms)
	FinalizeReload (1923ms)
		ReleaseScriptCaches (0ms)
		RebuildScriptCaches (0ms)
		SetupLoadedEditorAssemblies (1681ms)
			LogAssemblyErrors (0ms)
			InitializePlatformSupportModulesInManaged (113ms)
			SetLoadedEditorAssemblies (22ms)
			BeforeProcessingInitializeOnLoad (383ms)
			ProcessInitializeOnLoadAttributes (893ms)
			ProcessInitializeOnLoadMethodAttributes (269ms)
			AfterProcessingInitializeOnLoad (0ms)
			EditorAssembliesLoaded (0ms)
		ExecutionOrderSort2 (0ms)
		AwakeInstancesAfterBackupRestoration (0ms)
Assembly reference Packages/com.unity.cinemachine/Editor/Samples/ExposeHDRPInternals/HDRP-Editor-ref.asmref has no target assembly definition
========================================================================
Worker process is ready to serve import requests
Import Worker Mode flag is 0x00
Assembly reference Packages/com.unity.cinemachine/Editor/Samples/ExposeHDRPInternals/HDRP-Editor-ref.asmref has no target assembly definition
Assembly reference Packages/com.unity.cinemachine/Editor/Samples/ExposeHDRPInternals/HDRP-Editor-ref.asmref has no target assembly definition
Begin MonoManager ReloadAssembly
[Licensing::Module] Licensing is not yet initialized.
[Licensing::Client] Handshaking with LicensingClient:
  Version:                 1.17.4+4293ba1
  Session Id:              8c075c6ae79e4293a87a6acde5f911ba
  Correlation Id:          d350efe4386b8a8c48d64a5d03455b18
  External correlation Id: 160692946382776736
  Machine Id:              SnUVb1kzS9rK5kdQR4o3dJw+Iws=
[Licensing::Module] Successfully connected to LicensingClient on channel: "LicenseClient-ahmed" (connect: 0.00s, validation: 0.00s, handshake: 10.65s)
[Licensing::IpcConnector] Successfully connected to: "LicenseClient-ahmed-notifications" at "2026-01-31T17:08:59.6257667Z"
[Licensing::Module] Licensing Background thread has ended after 10.65s
[Licensing::Module] Licensing is initialized (took 1.76s).
[Licensing::Client] Successfully resolved entitlement details
[Licensing::Module] License group:
  Id: 11270619870681-UnityPersXXXX
  Product: Unity Personal
  Type: Assigned
  Expiration: Unlimited
- Loaded All Assemblies, in  3.814 seconds
Assembly reference Packages/com.unity.cinemachine/Editor/Samples/ExposeHDRPInternals/HDRP-Editor-ref.asmref has no target assembly definition
'Packages/com.unity.cinemachine/Editor/Obsolete/CinemachineVirtualCameraBaseEditor.cs' contains partial class of Unity.Object, exactly 1 of the partial classes needs to be in a file with the same filename. This is to know the one that can be referenced from ie. GameObjects
'Packages/com.unity.cinemachine/Editor/Editors/CinemachineVirtualCameraBaseEditor.cs' contains partial class of Unity.Object, exactly 1 of the partial classes needs to be in a file with the same filename. This is to know the one that can be referenced from ie. GameObjects
Refreshing native plugins compatible for Editor in 3.41 ms, found 3 plugins.
Native extension for WindowsStandalone target not found
Assembly reference Packages/com.unity.cinemachine/Editor/Samples/ExposeHDRPInternals/HDRP-Editor-ref.asmref has no target assembly definition
Package Manager log level set to [2]
[Package Manager] Failed to launch server process. Reason: Unity was launched with the -noUpm command-line argument
[Package Manager] Unable to send message (not connected to server process).
[Package Manager] Cannot connect to Unity Package Manager local server
[Package Manager] Failed to launch server process. Reason: Unity was launched with the -noUpm command-line argument
[Package Manager] Unable to send message (not connected to server process).
[Package Manager] Cannot connect to Unity Package Manager local server
Mono: successfully reloaded assembly
- Finished resetting the current domain, in  2.575 seconds
Domain Reload Profiling: 6376ms
	BeginReloadAssembly (2088ms)
		ExecutionOrderSort (0ms)
		DisableScriptedObjects (10ms)
		BackupInstance (0ms)
		ReleaseScriptingObjects (0ms)
		CreateAndSetChildDomain (43ms)
	RebuildCommonClasses (81ms)
	RebuildNativeTypeToScriptingClass (24ms)
	initialDomainReloadingComplete (79ms)
	LoadAllAssembliesAndSetupDomain (1527ms)
		LoadAssemblies (980ms)
		RebuildTransferFunctionScriptingTraits (0ms)
		AnalyzeDomain (744ms)
			TypeCache.Refresh (524ms)
				TypeCache.ScanAssembly (493ms)
			BuildScriptInfoCaches (174ms)
			ResolveRequiredComponents (35ms)
	FinalizeReload (2578ms)
		ReleaseScriptCaches (0ms)
		RebuildScriptCaches (0ms)
		SetupLoadedEditorAssemblies (1919ms)
			LogAssemblyErrors (0ms)
			InitializePlatformSupportModulesInManaged (9ms)
			SetLoadedEditorAssemblies (21ms)
			BeforeProcessingInitializeOnLoad (648ms)
			ProcessInitializeOnLoadAttributes (1105ms)
			ProcessInitializeOnLoadMethodAttributes (119ms)
			AfterProcessingInitializeOnLoad (16ms)
			EditorAssembliesLoaded (1ms)
		ExecutionOrderSort2 (0ms)
		AwakeInstancesAfterBackupRestoration (13ms)
Launched and connected shader compiler UnityShaderCompiler.exe after 0.04 seconds
Refreshing native plugins compatible for Editor in 3.64 ms, found 3 plugins.
Preloading 0 native plugins for Editor in 0.00 ms.
Unloading 14 Unused Serialized files (Serialized files now loaded: 0)
Unloading 6569 unused Assets / (4.5 MB). Loaded Objects now: 7275.
Memory consumption went from 132.8 MB to 128.3 MB.
Total: 19.311900 ms (FindLiveObjects: 1.355000 ms CreateObjectMapping: 1.482100 ms MarkObjects: 10.752200 ms  DeleteObjects: 5.719000 ms)

========================================================================
Received Import Request.
  Time since last request: 59418.989200 seconds.
  path: Assets/Arts/Textures/curtain.jpg
  artifactKey: Guid(7ab7480b29cdbf34497cf6c51d8f2b62) Importer(815301076,1909f56bfc062723c751e8b465ee728b)
Start importing Assets/Arts/Textures/curtain.jpg using Guid(7ab7480b29cdbf34497cf6c51d8f2b62) Importer(815301076,1909f56bfc062723c751e8b465ee728b) (PreviewImporter) -> (artifact id: 'aae3f0078a008a57dad4d62fa9756053') in 0.2859927 seconds
Number of updated asset objects reloaded before import = 0Number of asset objects unloaded after import = 2

========================================================================
Received Import Request.
  Time since last request: 0.000063 seconds.
  path: Assets/Arts/Textures/foto1.png
  artifactKey: Guid(83320d7a6eecfb14a9c8771548e20179) Importer(815301076,1909f56bfc062723c751e8b465ee728b)
Start importing Assets/Arts/Textures/foto1.png using Guid(83320d7a6eecfb14a9c8771548e20179) Importer(815301076,1909f56bfc062723c751e8b465ee728b) (PreviewImporter) -> (artifact id: '3d8f70ad5a79bec8426936e53199e807') in 0.0187056 seconds
Number of updated asset objects reloaded before import = 0Number of asset objects unloaded after import = 2

========================================================================
Received Import Request.
  Time since last request: 0.252763 seconds.
  path: Assets/Arts/Textures/table_2.png
  artifactKey: Guid(d932e57090bf59848bb6688662720f6d) Importer(2089858483,192608db42251d675da83286b1cce702)
Start importing Assets/Arts/Textures/table_2.png using Guid(d932e57090bf59848bb6688662720f6d) Importer(2089858483,192608db42251d675da83286b1cce702) (ScriptedImporter) -> (artifact id: 'eadc3e311b32517cbefcf15050ddd01d') in 0.7214172 seconds
Number of updated asset objects reloaded before import = 0Number of asset objects unloaded after import = 1

========================================================================
Received Import Request.
  Time since last request: 0.000074 seconds.
  path: Assets/Arts/Textures/table.jpg
  artifactKey: Guid(da54a65f0581cc34f943d3f1437019d8) Importer(2089858483,192608db42251d675da83286b1cce702)
Start importing Assets/Arts/Textures/table.jpg using Guid(da54a65f0581cc34f943d3f1437019d8) Importer(2089858483,192608db42251d675da83286b1cce702) (ScriptedImporter) -> (artifact id: 'e94917c761b8fca9e7b8b142dec0d5d1') in 0.038421 seconds
Number of updated asset objects reloaded before import = 0Number of asset objects unloaded after import = 1

========================================================================
Received Import Request.
  Time since last request: 73.921181 seconds.
  path: Assets/Arts/Textures/St1.png
  artifactKey: Guid(2a47c4015dff1194d8133ddea65fd722) Importer(815301076,1909f56bfc062723c751e8b465ee728b)
Start importing Assets/Arts/Textures/St1.png using Guid(2a47c4015dff1194d8133ddea65fd722) Importer(815301076,1909f56bfc062723c751e8b465ee728b) (PreviewImporter) -> (artifact id: '366330991df437788eda6af8de65c628') in 0.0203528 seconds
Number of updated asset objects reloaded before import = 0Number of asset objects unloaded after import = 2

========================================================================
Received Import Request.
  Time since last request: 0.000083 seconds.
  path: Assets/Arts/Textures/sten.png
  artifactKey: Guid(7eaa7e43a18707148926afcc5baf01a7) Importer(815301076,1909f56bfc062723c751e8b465ee728b)
Start importing Assets/Arts/Textures/sten.png using Guid(7eaa7e43a18707148926afcc5baf01a7) Importer(815301076,1909f56bfc062723c751e8b465ee728b) (PreviewImporter) -> (artifact id: '5f4416da4892cdd82d381f195c8f3a2b') in 0.0225652 seconds
Number of updated asset objects reloaded before import = 0Number of asset objects unloaded after import = 2

========================================================================
Received Import Request.
  Time since last request: 0.000086 seconds.
  path: Assets/Arts/Textures/table.jpg
  artifactKey: Guid(da54a65f0581cc34f943d3f1437019d8) Importer(815301076,1909f56bfc062723c751e8b465ee728b)
Start importing Assets/Arts/Textures/table.jpg using Guid(da54a65f0581cc34f943d3f1437019d8) Importer(815301076,1909f56bfc062723c751e8b465ee728b) (PreviewImporter) -> (artifact id: 'bd95c378e92481c8242d2425f17845f1') in 0.0217112 seconds
Number of updated asset objects reloaded before import = 0Number of asset objects unloaded after import = 2

========================================================================
Received Import Request.
  Time since last request: 234.180523 seconds.
  path: Assets/Arts/Models/class.fbx
  artifactKey: Guid(4f0be019c54f3d942a84c04de0346e37) Importer(815301076,1909f56bfc062723c751e8b465ee728b)
Start importing Assets/Arts/Models/class.fbx using Guid(4f0be019c54f3d942a84c04de0346e37) Importer(815301076,1909f56bfc062723c751e8b465ee728b) (PreviewImporter) -> (artifact id: '9ddd92e99aebad69d0787f4a189eb70f') in 2.4161671 seconds
Number of updated asset objects reloaded before import = 0Number of asset objects unloaded after import = 28

========================================================================
Received Import Request.
  Time since last request: 9.776333 seconds.
  path: Assets/Arts/Models/Info_room.fbx
  artifactKey: Guid(4f0be019c54f3d942a84c04de0346e37) Importer(815301076,1909f56bfc062723c751e8b465ee728b)
Start importing Assets/Arts/Models/Info_room.fbx using Guid(4f0be019c54f3d942a84c04de0346e37) Importer(815301076,1909f56bfc062723c751e8b465ee728b) (PreviewImporter) -> (artifact id: 'cba3c3042886816476fa9798728e3f56') in 0.2713241 seconds
Number of updated asset objects reloaded before import = 0Number of asset objects unloaded after import = 28

========================================================================
Received Import Request.
  Time since last request: 0.474323 seconds.
  path: Assets/Arts/Models/Info_room.fbx
  artifactKey: Guid(4f0be019c54f3d942a84c04de0346e37) Importer(2089858483,192608db42251d675da83286b1cce702)
Start importing Assets/Arts/Models/Info_room.fbx using Guid(4f0be019c54f3d942a84c04de0346e37) Importer(2089858483,192608db42251d675da83286b1cce702) (ScriptedImporter) -> (artifact id: '124bdf885da23ad58e5bd968a4b15f78') in 0.1537766 seconds
Number of updated asset objects reloaded before import = 0Number of asset objects unloaded after import = 28

========================================================================
Received Import Request.
  Time since last request: 1358.046454 seconds.
  path: Assets/Arts/Models/_1163.fbx
  artifactKey: Guid(639c1cc863f5c7e418111f45b777c0c1) Importer(815301076,1909f56bfc062723c751e8b465ee728b)
Start importing Assets/Arts/Models/_1163.fbx using Guid(639c1cc863f5c7e418111f45b777c0c1) Importer(815301076,1909f56bfc062723c751e8b465ee728b) (PreviewImporter) -> (artifact id: '807f0dc12a986843a1d481bece8f9ebc') in 2.4484999 seconds
Number of updated asset objects reloaded before import = 0Number of asset objects unloaded after import = 325

========================================================================
Received Import Request.
  Time since last request: 36.805614 seconds.
  path: Assets/Arts/Models/_1163.fbx
  artifactKey: Guid(639c1cc863f5c7e418111f45b777c0c1) Importer(815301076,1909f56bfc062723c751e8b465ee728b)
Start importing Assets/Arts/Models/_1163.fbx using Guid(639c1cc863f5c7e418111f45b777c0c1) Importer(815301076,1909f56bfc062723c751e8b465ee728b) (PreviewImporter) -> (artifact id: '51d6fb7fc720410cfbaac63bd7a0b23c') in 2.6078833 seconds
Number of updated asset objects reloaded before import = 0Number of asset objects unloaded after import = 344

========================================================================
Received Import Request.
  Time since last request: 0.000125 seconds.
  path: Assets/Arts/Textures/ceiling_Mixed_AO.png
  artifactKey: Guid(d1ec13a228af31c478e2484ce24784ef) Importer(2089858483,192608db42251d675da83286b1cce702)
Start importing Assets/Arts/Textures/ceiling_Mixed_AO.png using Guid(d1ec13a228af31c478e2484ce24784ef) Importer(2089858483,192608db42251d675da83286b1cce702) (ScriptedImporter) -> (artifact id: 'ec6e6d3d5785e1c7f9285cae9ab177bf') in 0.0518316 seconds
Number of updated asset objects reloaded before import = 0Number of asset objects unloaded after import = 1

========================================================================
Received Import Request.
  Time since last request: 0.000131 seconds.
  path: Assets/Arts/Textures/wooden_wall_Mixed_AO.png
  artifactKey: Guid(e39b7b63b3fd3124fabea7b961161379) Importer(2089858483,192608db42251d675da83286b1cce702)
Start importing Assets/Arts/Textures/wooden_wall_Mixed_AO.png using Guid(e39b7b63b3fd3124fabea7b961161379) Importer(2089858483,192608db42251d675da83286b1cce702) (ScriptedImporter) -> (artifact id: '04ea3fcbcfefe437009564715a397e79') in 0.0410038 seconds
Number of updated asset objects reloaded before import = 0Number of asset objects unloaded after import = 1

========================================================================
Received Import Request.
  Time since last request: 0.000071 seconds.
  path: Assets/Arts/Textures/front_light_Metallic.png
  artifactKey: Guid(a7929b26fc681ae4dbeebe577c35d232) Importer(2089858483,192608db42251d675da83286b1cce702)
Start importing Assets/Arts/Textures/front_light_Metallic.png using Guid(a7929b26fc681ae4dbeebe577c35d232) Importer(2089858483,192608db42251d675da83286b1cce702) (ScriptedImporter) -> (artifact id: '01076896eb641f4d29eb701fc19d2b3b') in 0.0412736 seconds
Number of updated asset objects reloaded before import = 0Number of asset objects unloaded after import = 1

========================================================================
Received Import Request.
  Time since last request: 0.000127 seconds.
  path: Assets/Arts/Textures/screen_Roughness.png
  artifactKey: Guid(ad85fd900f662ba4c8e35187ecb14cd4) Importer(2089858483,192608db42251d675da83286b1cce702)
Start importing Assets/Arts/Textures/screen_Roughness.png using Guid(ad85fd900f662ba4c8e35187ecb14cd4) Importer(2089858483,192608db42251d675da83286b1cce702) (ScriptedImporter) -> (artifact id: '6102e703f0a17c277663b74a7bf642d5') in 0.0872367 seconds
Number of updated asset objects reloaded before import = 0Number of asset objects unloaded after import = 1

========================================================================
Received Import Request.
  Time since last request: 0.000110 seconds.
  path: Assets/Arts/Textures/blind_Metallic.png
  artifactKey: Guid(23c9e2f71410a364e9fc1673215d3ce9) Importer(2089858483,192608db42251d675da83286b1cce702)
Start importing Assets/Arts/Textures/blind_Metallic.png using Guid(23c9e2f71410a364e9fc1673215d3ce9) Importer(2089858483,192608db42251d675da83286b1cce702) (ScriptedImporter) -> (artifact id: '089849eeac6e5e57a72d3c28e464490a') in 0.0599938 seconds
Number of updated asset objects reloaded before import = 0Number of asset objects unloaded after import = 1

========================================================================
Received Import Request.
  Time since last request: 0.000100 seconds.
  path: Assets/Arts/Textures/floor_Mixed_AO.png
  artifactKey: Guid(bb35406872619ac44b11dbe5b7cdea84) Importer(2089858483,192608db42251d675da83286b1cce702)
Start importing Assets/Arts/Textures/floor_Mixed_AO.png using Guid(bb35406872619ac44b11dbe5b7cdea84) Importer(2089858483,192608db42251d675da83286b1cce702) (ScriptedImporter) -> (artifact id: '969bb994eaa70f3645c78be6c38663df') in 0.0414215 seconds
Number of updated asset objects reloaded before import = 0Number of asset objects unloaded after import = 1

========================================================================
Received Import Request.
  Time since last request: 0.000069 seconds.
  path: Assets/Arts/Textures/t-desk_Roughness.png
  artifactKey: Guid(64e40ebb0e5ee9643819556d71a361d9) Importer(2089858483,192608db42251d675da83286b1cce702)
Start importing Assets/Arts/Textures/t-desk_Roughness.png using Guid(64e40ebb0e5ee9643819556d71a361d9) Importer(2089858483,192608db42251d675da83286b1cce702) (ScriptedImporter) -> (artifact id: '00b8aa72c01bf838b0caf41f22f76c0b') in 0.0414272 seconds
Number of updated asset objects reloaded before import = 0Number of asset objects unloaded after import = 1

========================================================================
Received Import Request.
  Time since last request: 0.000080 seconds.
  path: Assets/Arts/Textures/white_board_Base_color.png
  artifactKey: Guid(7a54a82c619a0c443ba972865fbefda4) Importer(2089858483,192608db42251d675da83286b1cce702)
Start importing Assets/Arts/Textures/white_board_Base_color.png using Guid(7a54a82c619a0c443ba972865fbefda4) Importer(2089858483,192608db42251d675da83286b1cce702) (ScriptedImporter) -> (artifact id: 'f8fdb88cf62d12740e7b5efbdcc48680') in 0.0470603 seconds
Number of updated asset objects reloaded before import = 0Number of asset objects unloaded after import = 1

========================================================================
Received Import Request.
  Time since last request: 0.000109 seconds.
  path: Assets/Arts/Textures/white_board_Normal_OpenGL.png
  artifactKey: Guid(5925f63eca3775e418f11e2d6ab7137a) Importer(2089858483,192608db42251d675da83286b1cce702)
Start importing Assets/Arts/Textures/white_board_Normal_OpenGL.png using Guid(5925f63eca3775e418f11e2d6ab7137a) Importer(2089858483,192608db42251d675da83286b1cce702) (ScriptedImporter) -> (artifact id: '59be432bebbb257299f620d51a6cf55b') in 0.0316758 seconds
Number of updated asset objects reloaded before import = 0Number of asset objects unloaded after import = 1

========================================================================
Received Import Request.
  Time since last request: 0.000095 seconds.
  path: Assets/Arts/Textures/screen_Normal_OpenGL.png
  artifactKey: Guid(d9a6d972db9b4384a9686322a491039d) Importer(2089858483,192608db42251d675da83286b1cce702)
Start importing Assets/Arts/Textures/screen_Normal_OpenGL.png using Guid(d9a6d972db9b4384a9686322a491039d) Importer(2089858483,192608db42251d675da83286b1cce702) (ScriptedImporter) -> (artifact id: '759261cf3b44d08c34ef959f7dfea7be') in 0.0381714 seconds
Number of updated asset objects reloaded before import = 0Number of asset objects unloaded after import = 1

========================================================================
Received Import Request.
  Time since last request: 0.000142 seconds.
  path: Assets/Arts/Textures/fireplug_Base_color.png
  artifactKey: Guid(639c5fb82f07b314789c231cd3c6c30a) Importer(2089858483,192608db42251d675da83286b1cce702)
Start importing Assets/Arts/Textures/fireplug_Base_color.png using Guid(639c5fb82f07b314789c231cd3c6c30a) Importer(2089858483,192608db42251d675da83286b1cce702) (ScriptedImporter) -> (artifact id: 'cbde55dc4c994510fa890a8566ca96a1') in 0.0454767 seconds
Number of updated asset objects reloaded before import = 0Number of asset objects unloaded after import = 1

========================================================================
Received Import Request.
  Time since last request: 0.000116 seconds.
  path: Assets/Arts/Textures/chair_Mixed_AO.png
  artifactKey: Guid(e9465c637dcc8914299d339c8fee28ba) Importer(2089858483,192608db42251d675da83286b1cce702)
Start importing Assets/Arts/Textures/chair_Mixed_AO.png using Guid(e9465c637dcc8914299d339c8fee28ba) Importer(2089858483,192608db42251d675da83286b1cce702) (ScriptedImporter) -> (artifact id: 'e9309fe75767ca9d3af3fd941f0f3d9d') in 0.0642909 seconds
Number of updated asset objects reloaded before import = 0Number of asset objects unloaded after import = 1

========================================================================
Received Import Request.
  Time since last request: 0.000069 seconds.
  path: Assets/Arts/Textures/wooden_wall_Normal_OpenGL.png
  artifactKey: Guid(3784b8c12adc6f449a631e55235f128b) Importer(2089858483,192608db42251d675da83286b1cce702)
Start importing Assets/Arts/Textures/wooden_wall_Normal_OpenGL.png using Guid(3784b8c12adc6f449a631e55235f128b) Importer(2089858483,192608db42251d675da83286b1cce702) (ScriptedImporter) -> (artifact id: 'b52b41bfd76fa5cb1eaaf744ffe76d6d') in 0.0374894 seconds
Number of updated asset objects reloaded before import = 0Number of asset objects unloaded after import = 1

========================================================================
Received Import Request.
  Time since last request: 0.000110 seconds.
  path: Assets/Arts/Textures/pillars_Base_color.png
  artifactKey: Guid(06032f6e1d813344c85ca07f59e4141a) Importer(2089858483,192608db42251d675da83286b1cce702)
Start importing Assets/Arts/Textures/pillars_Base_color.png using Guid(06032f6e1d813344c85ca07f59e4141a) Importer(2089858483,192608db42251d675da83286b1cce702) (ScriptedImporter) -> (artifact id: '1d7276b0e2de7f7a99d145db566e130b') in 0.0567923 seconds
Number of updated asset objects reloaded before import = 0Number of asset objects unloaded after import = 1

========================================================================
Received Import Request.
  Time since last request: 0.000194 seconds.
  path: Assets/Arts/Textures/power_socket_Roughness.png
  artifactKey: Guid(a62a2c96e1d63044c90fd4fca95314f4) Importer(2089858483,192608db42251d675da83286b1cce702)
Start importing Assets/Arts/Textures/power_socket_Roughness.png using Guid(a62a2c96e1d63044c90fd4fca95314f4) Importer(2089858483,192608db42251d675da83286b1cce702) (ScriptedImporter) -> (artifact id: '3aa672c5e3eac1c36039016762ea9e3b') in 0.0388686 seconds
Number of updated asset objects reloaded before import = 0Number of asset objects unloaded after import = 1

========================================================================
Received Import Request.
  Time since last request: 0.000125 seconds.
  path: Assets/Arts/Textures/door_props_Metallic.png
  artifactKey: Guid(3fb5d8235343b6f459381f9d952aaa0c) Importer(2089858483,192608db42251d675da83286b1cce702)
Start importing Assets/Arts/Textures/door_props_Metallic.png using Guid(3fb5d8235343b6f459381f9d952aaa0c) Importer(2089858483,192608db42251d675da83286b1cce702) (ScriptedImporter) -> (artifact id: '830e07cc58bec86be58521e282a4a9da') in 0.0446241 seconds
Number of updated asset objects reloaded before import = 0Number of asset objects unloaded after import = 1

========================================================================
Received Import Request.
  Time since last request: 0.000084 seconds.
  path: Assets/Arts/Textures/com_desk_Roughness.png
  artifactKey: Guid(82c5be484ea466a45afb73969d7df2aa) Importer(2089858483,192608db42251d675da83286b1cce702)
Start importing Assets/Arts/Textures/com_desk_Roughness.png using Guid(82c5be484ea466a45afb73969d7df2aa) Importer(2089858483,192608db42251d675da83286b1cce702) (ScriptedImporter) -> (artifact id: 'fb8602bcc24be57da06a5a8d2fa96421') in 0.0594454 seconds
Number of updated asset objects reloaded before import = 0Number of asset objects unloaded after import = 1

========================================================================
Received Import Request.
  Time since last request: 0.000148 seconds.
  path: Assets/Arts/Textures/t-desk_Metallic.png
  artifactKey: Guid(b0c9671943c9f084e947a3bace165462) Importer(2089858483,192608db42251d675da83286b1cce702)
Start importing Assets/Arts/Textures/t-desk_Metallic.png using Guid(b0c9671943c9f084e947a3bace165462) Importer(2089858483,192608db42251d675da83286b1cce702) (ScriptedImporter) -> (artifact id: '77666a421c8c2e63204c9e768c62bfc4') in 0.0557688 seconds
Number of updated asset objects reloaded before import = 0Number of asset objects unloaded after import = 1

========================================================================
Received Import Request.
  Time since last request: 0.000095 seconds.
  path: Assets/Arts/Textures/front_light_Base_color.png
  artifactKey: Guid(f4354265b18661741afce48bfc255ef9) Importer(2089858483,192608db42251d675da83286b1cce702)
Start importing Assets/Arts/Textures/front_light_Base_color.png using Guid(f4354265b18661741afce48bfc255ef9) Importer(2089858483,192608db42251d675da83286b1cce702) (ScriptedImporter) -> (artifact id: '99cc7dda35b7d4a97dce83143f5a0a73') in 0.0412759 seconds
Number of updated asset objects reloaded before import = 0Number of asset objects unloaded after import = 1

========================================================================
Received Import Request.
  Time since last request: 0.000133 seconds.
  path: Assets/Arts/Textures/ceiling_Roughness.png
  artifactKey: Guid(6a9e32ad0460d6442bab6eaf366e6af5) Importer(2089858483,192608db42251d675da83286b1cce702)
Start importing Assets/Arts/Textures/ceiling_Roughness.png using Guid(6a9e32ad0460d6442bab6eaf366e6af5) Importer(2089858483,192608db42251d675da83286b1cce702) (ScriptedImporter) -> (artifact id: '52b5a2b478d3384e3c9325cd4ed665dc') in 0.0438207 seconds
Number of updated asset objects reloaded before import = 0Number of asset objects unloaded after import = 1

========================================================================
Received Import Request.
  Time since last request: 0.000139 seconds.
  path: Assets/Arts/Textures/power_socket_Mixed_AO.png
  artifactKey: Guid(0f8ec18b242961a45b79edbe59a8c973) Importer(2089858483,192608db42251d675da83286b1cce702)
Start importing Assets/Arts/Textures/power_socket_Mixed_AO.png using Guid(0f8ec18b242961a45b79edbe59a8c973) Importer(2089858483,192608db42251d675da83286b1cce702) (ScriptedImporter) -> (artifact id: 'b7b93b7aaae2f8b852c73c21c37790f2') in 0.0375696 seconds
Number of updated asset objects reloaded before import = 0Number of asset objects unloaded after import = 1

========================================================================
Received Import Request.
  Time since last request: 0.000125 seconds.
  path: Assets/Arts/Textures/floor_Metallic.png
  artifactKey: Guid(43df9dd0b62aa17479eb9509088256e1) Importer(2089858483,192608db42251d675da83286b1cce702)
Start importing Assets/Arts/Textures/floor_Metallic.png using Guid(43df9dd0b62aa17479eb9509088256e1) Importer(2089858483,192608db42251d675da83286b1cce702) (ScriptedImporter) -> (artifact id: '5c9a2a791633ee3054146442dba19ce8') in 0.0586667 seconds
Number of updated asset objects reloaded before import = 0Number of asset objects unloaded after import = 1

========================================================================
Received Import Request.
  Time since last request: 0.000062 seconds.
  path: Assets/Arts/Textures/wooden_wall_Metallic.png
  artifactKey: Guid(bbfcdff0e0e1fe742b8bf1447162a047) Importer(2089858483,192608db42251d675da83286b1cce702)
Start importing Assets/Arts/Textures/wooden_wall_Metallic.png using Guid(bbfcdff0e0e1fe742b8bf1447162a047) Importer(2089858483,192608db42251d675da83286b1cce702) (ScriptedImporter) -> (artifact id: '3b70512854123af2396737cf0da8de13') in 0.0403855 seconds
Number of updated asset objects reloaded before import = 0Number of asset objects unloaded after import = 1

========================================================================
Received Import Request.
  Time since last request: 0.000090 seconds.
  path: Assets/Arts/Textures/chair_Roughness.png
  artifactKey: Guid(affad694117b5e34988f72ff59e70247) Importer(2089858483,192608db42251d675da83286b1cce702)
Start importing Assets/Arts/Textures/chair_Roughness.png using Guid(affad694117b5e34988f72ff59e70247) Importer(2089858483,192608db42251d675da83286b1cce702) (ScriptedImporter) -> (artifact id: 'a9061be46cea240d09b76a672b04dcf3') in 0.0598686 seconds
Number of updated asset objects reloaded before import = 0Number of asset objects unloaded after import = 1

========================================================================
Received Import Request.
  Time since last request: 0.000088 seconds.
  path: Assets/Arts/Textures/fireplug_Roughness.png
  artifactKey: Guid(2495fc4a16b89864aae291e9a8d3308d) Importer(2089858483,192608db42251d675da83286b1cce702)
Start importing Assets/Arts/Textures/fireplug_Roughness.png using Guid(2495fc4a16b89864aae291e9a8d3308d) Importer(2089858483,192608db42251d675da83286b1cce702) (ScriptedImporter) -> (artifact id: 'f976c199363ee592db70175b1d11280f') in 0.0405944 seconds
Number of updated asset objects reloaded before import = 0Number of asset objects unloaded after import = 1

========================================================================
Received Import Request.
  Time since last request: 0.000187 seconds.
  path: Assets/Arts/Textures/screen_Metallic.png
  artifactKey: Guid(25854be7220e5aa4581834f2755ef467) Importer(2089858483,192608db42251d675da83286b1cce702)
Start importing Assets/Arts/Textures/screen_Metallic.png using Guid(25854be7220e5aa4581834f2755ef467) Importer(2089858483,192608db42251d675da83286b1cce702) (ScriptedImporter) -> (artifact id: '4a2d5c9817cdaabe48c2d9fb5a247821') in 0.0462551 seconds
Number of updated asset objects reloaded before import = 0Number of asset objects unloaded after import = 1

========================================================================
Received Import Request.
  Time since last request: 0.000048 seconds.
  path: Assets/Arts/Textures/pillars_Metallic.png
  artifactKey: Guid(d0aa6fd74af4a3343be8f391455e9431) Importer(2089858483,192608db42251d675da83286b1cce702)
Start importing Assets/Arts/Textures/pillars_Metallic.png using Guid(d0aa6fd74af4a3343be8f391455e9431) Importer(2089858483,192608db42251d675da83286b1cce702) (ScriptedImporter) -> (artifact id: 'f089d79e2a81db4618ada4f95d56ec01') in 0.0323559 seconds
Number of updated asset objects reloaded before import = 0Number of asset objects unloaded after import = 1

========================================================================
Received Import Request.
  Time since last request: 0.000078 seconds.
  path: Assets/Arts/Textures/wall_material_normal.jpg
  artifactKey: Guid(25d13785877aa5f40ab7395eab363f8c) Importer(2089858483,192608db42251d675da83286b1cce702)
Start importing Assets/Arts/Textures/wall_material_normal.jpg using Guid(25d13785877aa5f40ab7395eab363f8c) Importer(2089858483,192608db42251d675da83286b1cce702) (ScriptedImporter) -> (artifact id: '68d184289e851c16c3909810443a0ae2') in 0.0190253 seconds
Number of updated asset objects reloaded before import = 0Number of asset objects unloaded after import = 1

========================================================================
Received Import Request.
  Time since last request: 0.000066 seconds.
  path: Assets/Arts/Textures/wooden_wall_Roughness.png
  artifactKey: Guid(65fbc05b921fe634288b1d7db2eecf20) Importer(2089858483,192608db42251d675da83286b1cce702)
Start importing Assets/Arts/Textures/wooden_wall_Roughness.png using Guid(65fbc05b921fe634288b1d7db2eecf20) Importer(2089858483,192608db42251d675da83286b1cce702) (ScriptedImporter) -> (artifact id: 'debce3b589976ad84f73849a6b60b773') in 0.019199 seconds
Number of updated asset objects reloaded before import = 0Number of asset objects unloaded after import = 1

========================================================================
Received Import Request.
  Time since last request: 0.000036 seconds.
  path: Assets/Arts/Textures/power_socket_Metallic.png
  artifactKey: Guid(21faef52e11452746a1cd6d4cd901d36) Importer(2089858483,192608db42251d675da83286b1cce702)
Start importing Assets/Arts/Textures/power_socket_Metallic.png using Guid(21faef52e11452746a1cd6d4cd901d36) Importer(2089858483,192608db42251d675da83286b1cce702) (ScriptedImporter) -> (artifact id: 'b747a370a8759ec96a8deb22260fccc6') in 0.0202077 seconds
Number of updated asset objects reloaded before import = 0Number of asset objects unloaded after import = 1

========================================================================
Received Import Request.
  Time since last request: 0.000124 seconds.
  path: Assets/Arts/Textures/door_props_Base_color.png
  artifactKey: Guid(2afc9224d01d2c14f821e151c23c2d9d) Importer(2089858483,192608db42251d675da83286b1cce702)
Start importing Assets/Arts/Textures/door_props_Base_color.png using Guid(2afc9224d01d2c14f821e151c23c2d9d) Importer(2089858483,192608db42251d675da83286b1cce702) (ScriptedImporter) -> (artifact id: '1e2b7c788e8ed95f4b5a311d883a6ae2') in 0.0465616 seconds
Number of updated asset objects reloaded before import = 0Number of asset objects unloaded after import = 1

========================================================================
Received Import Request.
  Time since last request: 0.000052 seconds.
  path: Assets/Arts/Textures/floor_Normal_OpenGL.png
  artifactKey: Guid(a518c2f234e65d44f9bf5eee4749204c) Importer(2089858483,192608db42251d675da83286b1cce702)
Start importing Assets/Arts/Textures/floor_Normal_OpenGL.png using Guid(a518c2f234e65d44f9bf5eee4749204c) Importer(2089858483,192608db42251d675da83286b1cce702) (ScriptedImporter) -> (artifact id: 'b8f86b8a65a80356bd7e4866f033f36d') in 0.0247698 seconds
Number of updated asset objects reloaded before import = 0Number of asset objects unloaded after import = 1

========================================================================
Received Import Request.
  Time since last request: 0.000083 seconds.
  path: Assets/Arts/Textures/upper_molding_Roughness.png
  artifactKey: Guid(e4f49baa2a95510419bc7fa762ea556e) Importer(2089858483,192608db42251d675da83286b1cce702)
Start importing Assets/Arts/Textures/upper_molding_Roughness.png using Guid(e4f49baa2a95510419bc7fa762ea556e) Importer(2089858483,192608db42251d675da83286b1cce702) (ScriptedImporter) -> (artifact id: 'bb86281931725918508f881dca0cd2d6') in 0.0255289 seconds
Number of updated asset objects reloaded before import = 0Number of asset objects unloaded after import = 1

========================================================================
Received Import Request.
  Time since last request: 0.000067 seconds.
  path: Assets/Arts/Textures/screen_Mixed_AO.png
  artifactKey: Guid(c1b427793c9ca6a44829288f41a82162) Importer(2089858483,192608db42251d675da83286b1cce702)
Start importing Assets/Arts/Textures/screen_Mixed_AO.png using Guid(c1b427793c9ca6a44829288f41a82162) Importer(2089858483,192608db42251d675da83286b1cce702) (ScriptedImporter) -> (artifact id: 'f293ce0dc37141ac88a045d7b2e2863f') in 0.0264792 seconds
Number of updated asset objects reloaded before import = 0Number of asset objects unloaded after import = 1

========================================================================
Received Import Request.
  Time since last request: 0.000076 seconds.
  path: Assets/Arts/Textures/ceiling_Base_color.png
  artifactKey: Guid(f28c31c557cf9204aa98a55b7c47a20c) Importer(2089858483,192608db42251d675da83286b1cce702)
Start importing Assets/Arts/Textures/ceiling_Base_color.png using Guid(f28c31c557cf9204aa98a55b7c47a20c) Importer(2089858483,192608db42251d675da83286b1cce702) (ScriptedImporter) -> (artifact id: '598aeb1eda40d0424e5c1cc5b923b0de') in 0.0298443 seconds
Number of updated asset objects reloaded before import = 0Number of asset objects unloaded after import = 1

========================================================================
Received Import Request.
  Time since last request: 0.000069 seconds.
  path: Assets/Arts/Textures/molding_Base_color.png
  artifactKey: Guid(fed31d1d21142314280b89210bfc6317) Importer(2089858483,192608db42251d675da83286b1cce702)
Start importing Assets/Arts/Textures/molding_Base_color.png using Guid(fed31d1d21142314280b89210bfc6317) Importer(2089858483,192608db42251d675da83286b1cce702) (ScriptedImporter) -> (artifact id: '7febb13bf5e6797472f595025fcfcb34') in 0.0344049 seconds
Number of updated asset objects reloaded before import = 0Number of asset objects unloaded after import = 1

========================================================================
Received Import Request.
  Time since last request: 0.000040 seconds.
  path: Assets/Arts/Textures/chair_Metallic.png
  artifactKey: Guid(29857410deb36a948b83e34a436f72d5) Importer(2089858483,192608db42251d675da83286b1cce702)
Start importing Assets/Arts/Textures/chair_Metallic.png using Guid(29857410deb36a948b83e34a436f72d5) Importer(2089858483,192608db42251d675da83286b1cce702) (ScriptedImporter) -> (artifact id: '288f2037619204fa018cbc9546aad15c') in 0.0343938 seconds
Number of updated asset objects reloaded before import = 0Number of asset objects unloaded after import = 1

========================================================================
Received Import Request.
  Time since last request: 0.000055 seconds.
  path: Assets/Arts/Textures/floor.png
  artifactKey: Guid(f216fef6301464245b91a5d45500d2ea) Importer(2089858483,192608db42251d675da83286b1cce702)
Start importing Assets/Arts/Textures/floor.png using Guid(f216fef6301464245b91a5d45500d2ea) Importer(2089858483,192608db42251d675da83286b1cce702) (ScriptedImporter) -> (artifact id: '77005461170585ac5cdf1291c7f56e23') in 0.023165 seconds
Number of updated asset objects reloaded before import = 0Number of asset objects unloaded after import = 1

========================================================================
Received Import Request.
  Time since last request: 0.000105 seconds.
  path: Assets/Arts/Textures/molding_Metallic.png
  artifactKey: Guid(1dc82fd397d7a3a42899343c055bbf64) Importer(2089858483,192608db42251d675da83286b1cce702)
Start importing Assets/Arts/Textures/molding_Metallic.png using Guid(1dc82fd397d7a3a42899343c055bbf64) Importer(2089858483,192608db42251d675da83286b1cce702) (ScriptedImporter) -> (artifact id: 'f94f5b9b6c15167cea6898880d919869') in 0.0317294 seconds
Number of updated asset objects reloaded before import = 0Number of asset objects unloaded after import = 1

========================================================================
Received Import Request.
  Time since last request: 0.000090 seconds.
  path: Assets/Arts/Textures/white_board_Mixed_AO.png
  artifactKey: Guid(9827eba7053111b4dbf8b7ac1a48b2ca) Importer(2089858483,192608db42251d675da83286b1cce702)
Start importing Assets/Arts/Textures/white_board_Mixed_AO.png using Guid(9827eba7053111b4dbf8b7ac1a48b2ca) Importer(2089858483,192608db42251d675da83286b1cce702) (ScriptedImporter) -> (artifact id: 'cdfa11a533dd4b55ecf65ae89b1f655b') in 0.0415138 seconds
Number of updated asset objects reloaded before import = 0Number of asset objects unloaded after import = 1

========================================================================
Received Import Request.
  Time since last request: 0.000076 seconds.
  path: Assets/Arts/Textures/floor_Base_color.png
  artifactKey: Guid(7a2c2b4b3a5dbb14d9afb12f859f7a19) Importer(2089858483,192608db42251d675da83286b1cce702)
Start importing Assets/Arts/Textures/floor_Base_color.png using Guid(7a2c2b4b3a5dbb14d9afb12f859f7a19) Importer(2089858483,192608db42251d675da83286b1cce702) (ScriptedImporter) -> (artifact id: '5bd2ce1e1f122316f2a6796a7e86c0dc') in 0.0416614 seconds
Number of updated asset objects reloaded before import = 0Number of asset objects unloaded after import = 1

========================================================================
Received Import Request.
  Time since last request: 0.000069 seconds.
  path: Assets/Arts/Textures/door_props_Normal_OpenGL.png
  artifactKey: Guid(e69c2322d064f564882563978f67bc05) Importer(2089858483,192608db42251d675da83286b1cce702)
Start importing Assets/Arts/Textures/door_props_Normal_OpenGL.png using Guid(e69c2322d064f564882563978f67bc05) Importer(2089858483,192608db42251d675da83286b1cce702) (ScriptedImporter) -> (artifact id: '431e7f3231005951a100efc36e7c7385') in 0.0316677 seconds
Number of updated asset objects reloaded before import = 0Number of asset objects unloaded after import = 1

========================================================================
Received Import Request.
  Time since last request: 48.765923 seconds.
  path: Assets/Arts/Textures/air_con_Metallic.png
  artifactKey: Guid(3930da3da514be44fbf018cf3a293e17) Importer(815301076,1909f56bfc062723c751e8b465ee728b)
Start importing Assets/Arts/Textures/air_con_Metallic.png using Guid(3930da3da514be44fbf018cf3a293e17) Importer(815301076,1909f56bfc062723c751e8b465ee728b) (PreviewImporter) -> (artifact id: '4a761f44a3d2a239c452943a6aaeb03d') in 0.0182368 seconds
Number of updated asset objects reloaded before import = 0Number of asset objects unloaded after import = 2

========================================================================
Received Import Request.
  Time since last request: 0.000053 seconds.
  path: Assets/Arts/Textures/ceiling_Metallic.png
  artifactKey: Guid(e0b2c739077d17c4cac3c8406d866553) Importer(815301076,1909f56bfc062723c751e8b465ee728b)
Start importing Assets/Arts/Textures/ceiling_Metallic.png using Guid(e0b2c739077d17c4cac3c8406d866553) Importer(815301076,1909f56bfc062723c751e8b465ee728b) (PreviewImporter) -> (artifact id: 'e07befc17e66cae940d3bd754674ab1d') in 0.0226163 seconds
Number of updated asset objects reloaded before import = 0Number of asset objects unloaded after import = 2

========================================================================
Received Import Request.
  Time since last request: 0.000096 seconds.
  path: Assets/Arts/Textures/com_desk_Mixed_AO.png
  artifactKey: Guid(3077d177163739d4d8bd70cb2e4e3d73) Importer(815301076,1909f56bfc062723c751e8b465ee728b)
Start importing Assets/Arts/Textures/com_desk_Mixed_AO.png using Guid(3077d177163739d4d8bd70cb2e4e3d73) Importer(815301076,1909f56bfc062723c751e8b465ee728b) (PreviewImporter) -> (artifact id: 'c6f2c93244ee47d773d14622c919943b') in 0.0307085 seconds
Number of updated asset objects reloaded before import = 0Number of asset objects unloaded after import = 2

========================================================================
Received Import Request.
  Time since last request: 0.000088 seconds.
  path: Assets/Arts/Textures/ceiling_Roughness.png
  artifactKey: Guid(6a9e32ad0460d6442bab6eaf366e6af5) Importer(815301076,1909f56bfc062723c751e8b465ee728b)
Start importing Assets/Arts/Textures/ceiling_Roughness.png using Guid(6a9e32ad0460d6442bab6eaf366e6af5) Importer(815301076,1909f56bfc062723c751e8b465ee728b) (PreviewImporter) -> (artifact id: 'b5d5f4a507d43e73241d94499cca749b') in 0.0279471 seconds
Number of updated asset objects reloaded before import = 0Number of asset objects unloaded after import = 2

========================================================================
Received Import Request.
  Time since last request: 0.000155 seconds.
  path: Assets/Arts/Textures/chair_Roughness.png
  artifactKey: Guid(affad694117b5e34988f72ff59e70247) Importer(815301076,1909f56bfc062723c751e8b465ee728b)
Start importing Assets/Arts/Textures/chair_Roughness.png using Guid(affad694117b5e34988f72ff59e70247) Importer(815301076,1909f56bfc062723c751e8b465ee728b) (PreviewImporter) -> (artifact id: 'aff2f13b849909c61561857a6eed3e58') in 0.0364694 seconds
Number of updated asset objects reloaded before import = 0Number of asset objects unloaded after import = 2

========================================================================
Received Import Request.
  Time since last request: 0.000084 seconds.
  path: Assets/Arts/Textures/chair_Mixed_AO.png
  artifactKey: Guid(e9465c637dcc8914299d339c8fee28ba) Importer(815301076,1909f56bfc062723c751e8b465ee728b)
Start importing Assets/Arts/Textures/chair_Mixed_AO.png using Guid(e9465c637dcc8914299d339c8fee28ba) Importer(815301076,1909f56bfc062723c751e8b465ee728b) (PreviewImporter) -> (artifact id: 'b5393b5c8182ab153e6ab9079468c560') in 0.0335769 seconds
Number of updated asset objects reloaded before import = 0Number of asset objects unloaded after import = 2

========================================================================
Received Import Request.
  Time since last request: 0.000151 seconds.
  path: Assets/Arts/Textures/floor_Mixed_AO.png
  artifactKey: Guid(bb35406872619ac44b11dbe5b7cdea84) Importer(815301076,1909f56bfc062723c751e8b465ee728b)
Start importing Assets/Arts/Textures/floor_Mixed_AO.png using Guid(bb35406872619ac44b11dbe5b7cdea84) Importer(815301076,1909f56bfc062723c751e8b465ee728b) (PreviewImporter) -> (artifact id: '77134f35833a1734cfe7d8bda3cb3c0f') in 0.0279186 seconds
Number of updated asset objects reloaded before import = 0Number of asset objects unloaded after import = 2

========================================================================
Received Import Request.
  Time since last request: 0.000102 seconds.
  path: Assets/Arts/Textures/desk_Roughness.png
  artifactKey: Guid(0c85daddadeeb4d40a646d864953c894) Importer(815301076,1909f56bfc062723c751e8b465ee728b)
Start importing Assets/Arts/Textures/desk_Roughness.png using Guid(0c85daddadeeb4d40a646d864953c894) Importer(815301076,1909f56bfc062723c751e8b465ee728b) (PreviewImporter) -> (artifact id: 'c132ee4662601169388e0133fa8f82a7') in 0.029481 seconds
Number of updated asset objects reloaded before import = 0Number of asset objects unloaded after import = 2

========================================================================
Received Import Request.
  Time since last request: 0.000101 seconds.
  path: Assets/Arts/Textures/molding_Metallic.png
  artifactKey: Guid(1dc82fd397d7a3a42899343c055bbf64) Importer(815301076,1909f56bfc062723c751e8b465ee728b)
Start importing Assets/Arts/Textures/molding_Metallic.png using Guid(1dc82fd397d7a3a42899343c055bbf64) Importer(815301076,1909f56bfc062723c751e8b465ee728b) (PreviewImporter) -> (artifact id: 'bc2c96c29816e17f008c248882e830ef') in 0.0245683 seconds
Number of updated asset objects reloaded before import = 0Number of asset objects unloaded after import = 2

========================================================================
Received Import Request.
  Time since last request: 0.000096 seconds.
  path: Assets/Arts/Textures/front_light_Mixed_AO.png
  artifactKey: Guid(47730fc7d01be7f44b39361a0e909ddd) Importer(815301076,1909f56bfc062723c751e8b465ee728b)
Start importing Assets/Arts/Textures/front_light_Mixed_AO.png using Guid(47730fc7d01be7f44b39361a0e909ddd) Importer(815301076,1909f56bfc062723c751e8b465ee728b) (PreviewImporter) -> (artifact id: 'd8786a80be527c59d242bb6e8121cd83') in 0.035671 seconds
Number of updated asset objects reloaded before import = 0Number of asset objects unloaded after import = 2

========================================================================
Received Import Request.
  Time since last request: 0.000160 seconds.
  path: Assets/Arts/Textures/fireplug_Roughness.png
  artifactKey: Guid(2495fc4a16b89864aae291e9a8d3308d) Importer(815301076,1909f56bfc062723c751e8b465ee728b)
Start importing Assets/Arts/Textures/fireplug_Roughness.png using Guid(2495fc4a16b89864aae291e9a8d3308d) Importer(815301076,1909f56bfc062723c751e8b465ee728b) (PreviewImporter) -> (artifact id: 'e895ad3818e8375609a5bd28a1e7eaef') in 0.0236188 seconds
Number of updated asset objects reloaded before import = 0Number of asset objects unloaded after import = 2

========================================================================
Received Import Request.
  Time since last request: 0.000081 seconds.
  path: Assets/Arts/Textures/com_desk_Base_color.png
  artifactKey: Guid(993e44f9f4581574ea62c3f1344d7400) Importer(815301076,1909f56bfc062723c751e8b465ee728b)
Start importing Assets/Arts/Textures/com_desk_Base_color.png using Guid(993e44f9f4581574ea62c3f1344d7400) Importer(815301076,1909f56bfc062723c751e8b465ee728b) (PreviewImporter) -> (artifact id: '9a9a214d84508dab8a02767ab3c4ffb0') in 0.0328697 seconds
Number of updated asset objects reloaded before import = 0Number of asset objects unloaded after import = 2

========================================================================
Received Import Request.
  Time since last request: 0.000149 seconds.
  path: Assets/Arts/Textures/blind_Metallic.png
  artifactKey: Guid(23c9e2f71410a364e9fc1673215d3ce9) Importer(815301076,1909f56bfc062723c751e8b465ee728b)
Start importing Assets/Arts/Textures/blind_Metallic.png using Guid(23c9e2f71410a364e9fc1673215d3ce9) Importer(815301076,1909f56bfc062723c751e8b465ee728b) (PreviewImporter) -> (artifact id: 'b611da9f77240988dd9507fabbe1eab0') in 0.0309559 seconds
Number of updated asset objects reloaded before import = 0Number of asset objects unloaded after import = 2

========================================================================
Received Import Request.
  Time since last request: 0.000072 seconds.
  path: Assets/Arts/Textures/door_props_Base_color.png
  artifactKey: Guid(2afc9224d01d2c14f821e151c23c2d9d) Importer(815301076,1909f56bfc062723c751e8b465ee728b)
Start importing Assets/Arts/Textures/door_props_Base_color.png using Guid(2afc9224d01d2c14f821e151c23c2d9d) Importer(815301076,1909f56bfc062723c751e8b465ee728b) (PreviewImporter) -> (artifact id: '7dadd32d8a8426c02037f02a1608d827') in 0.0285185 seconds
Number of updated asset objects reloaded before import = 0Number of asset objects unloaded after import = 2

Editor requested this worker to shutdown with reason: Scaling down because of idle timeout
AssetImportWorker is now disconnected from the server
Process exiting
Exiting without the bug reporter. Application will terminate with return code 0